[0.271s] Invoking command in '/uolstore/home/users/el22mg/ros2_ws/src/build/turtlebot3_gazebo': PS1=[COMP3631] Singularity> \w $ /usr/bin/cmake /uolstore/home/users/el22mg/ros2_ws/src/turtlebot3_simulations/turtlebot3_gazebo -DCMAKE_INSTALL_PREFIX=/uolstore/home/users/el22mg/ros2_ws/src/install/turtlebot3_gazebo
[4.791s] -- The C compiler identification is GNU 11.4.0
[5.886s] -- The CXX compiler identification is GNU 11.4.0
[5.932s] -- Detecting C compiler ABI info
[6.687s] -- Detecting C compiler ABI info - done
[6.716s] -- Check for working C compiler: /usr/bin/cc - skipped
[6.716s] -- Detecting C compile features
[6.734s] -- Detecting C compile features - done
[6.763s] -- Detecting CXX compiler ABI info
[7.144s] -- Detecting CXX compiler ABI info - done
[7.175s] -- Check for working CXX compiler: /usr/bin/c++ - skipped
[7.175s] -- Detecting CXX compile features
[7.176s] -- Detecting CXX compile features - done
[7.258s] [31mCMake Error at CMakeLists.txt:22 (find_package):
[7.258s]   By not providing "Findament_cmake.cmake" in CMAKE_MODULE_PATH this project
[7.258s]   has asked CMake to find a package configuration file provided by
[7.258s]   "ament_cmake", but CMake did not find one.
[7.259s] 
[7.259s]   Could not find a package configuration file provided by "ament_cmake" with
[7.259s]   any of the following names:
[7.259s] 
[7.259s]     ament_cmakeConfig.cmake
[7.260s]     ament_cmake-config.cmake
[7.260s] 
[7.262s]   Add the installation prefix of "ament_cmake" to CMAKE_PREFIX_PATH or set
[7.262s]   "ament_cmake_DIR" to a directory containing one of the above files.  If
[7.262s]   "ament_cmake" provides a separate development package or SDK, be sure it
[7.262s]   has been installed.
[7.262s] 
[7.262s] [0m
[7.263s] -- Configuring incomplete, errors occurred!
[7.263s] See also "/uolstore/home/users/el22mg/ros2_ws/src/build/turtlebot3_gazebo/CMakeFiles/CMakeOutput.log".
[7.292s] Invoked command in '/uolstore/home/users/el22mg/ros2_ws/src/build/turtlebot3_gazebo' returned '1': PS1=[COMP3631] Singularity> \w $ /usr/bin/cmake /uolstore/home/users/el22mg/ros2_ws/src/turtlebot3_simulations/turtlebot3_gazebo -DCMAKE_INSTALL_PREFIX=/uolstore/home/users/el22mg/ros2_ws/src/install/turtlebot3_gazebo
