[0.139s] Invoking command in '/uolstore/home/users/el22mg/ros2_ws/src/build/turtlebot3_simulations': AMENT_PREFIX_PATH=/uolstore/home/users/el22mg/ros2_ws/src/install/turtlebot3_gazebo:/uolstore/home/users/el22mg/ros2_ws/src/install/turtlebot3_fake_node:${AMENT_PREFIX_PATH} CMAKE_PREFIX_PATH=/uolstore/home/users/el22mg/ros2_ws/src/install/turtlebot3_gazebo:/uolstore/home/users/el22mg/ros2_ws/src/install/turtlebot3_fake_node:/uolstore/home/users/el22mg/ros2_ws/install/turtlebot3_simulations:/uolstore/home/users/el22mg/ros2_ws/install/turtlebot3_gazebo:/uolstore/home/users/el22mg/ros2_ws/install/turtlebot3_fake_node:/uolstore/home/users/el22mg/ros2_ws/install/lab3:/uolstore/home/users/el22mg/ros2_ws/install/lab2:/uolstore/home/users/el22mg/ros2_ws/install/lab1:/opt/ros/humble PS1=[COMP3631] Singularity> \w $ /usr/bin/cmake /uolstore/home/users/el22mg/ros2_ws/src/turtlebot3_simulations/turtlebot3_simulations -DCMAKE_INSTALL_PREFIX=/uolstore/home/users/el22mg/ros2_ws/src/install/turtlebot3_simulations
[0.381s] -- The C compiler identification is GNU 11.4.0
[0.579s] -- The CXX compiler identification is GNU 11.4.0
[0.611s] -- Detecting C compiler ABI info
[0.987s] -- Detecting C compiler ABI info - done
[1.011s] -- Check for working C compiler: /usr/bin/cc - skipped
[1.011s] -- Detecting C compile features
[1.012s] -- Detecting C compile features - done
[1.036s] -- Detecting CXX compiler ABI info
[1.426s] -- Detecting CXX compiler ABI info - done
[1.458s] -- Check for working CXX compiler: /usr/bin/c++ - skipped
[1.459s] -- Detecting CXX compile features
[1.460s] -- Detecting CXX compile features - done
[1.527s] -- Found ament_cmake: 1.3.7 (/opt/ros/humble/share/ament_cmake/cmake)
[1.925s] -- Found Python3: /usr/bin/python3.10 (found version "3.10.12") found components: Interpreter 
[2.886s] -- Configuring done
[3.010s] -- Generating done
[3.044s] -- Build files have been written to: /uolstore/home/users/el22mg/ros2_ws/src/build/turtlebot3_simulations
[3.053s] Invoked command in '/uolstore/home/users/el22mg/ros2_ws/src/build/turtlebot3_simulations' returned '0': AMENT_PREFIX_PATH=/uolstore/home/users/el22mg/ros2_ws/src/install/turtlebot3_gazebo:/uolstore/home/users/el22mg/ros2_ws/src/install/turtlebot3_fake_node:${AMENT_PREFIX_PATH} CMAKE_PREFIX_PATH=/uolstore/home/users/el22mg/ros2_ws/src/install/turtlebot3_gazebo:/uolstore/home/users/el22mg/ros2_ws/src/install/turtlebot3_fake_node:/uolstore/home/users/el22mg/ros2_ws/install/turtlebot3_simulations:/uolstore/home/users/el22mg/ros2_ws/install/turtlebot3_gazebo:/uolstore/home/users/el22mg/ros2_ws/install/turtlebot3_fake_node:/uolstore/home/users/el22mg/ros2_ws/install/lab3:/uolstore/home/users/el22mg/ros2_ws/install/lab2:/uolstore/home/users/el22mg/ros2_ws/install/lab1:/opt/ros/humble PS1=[COMP3631] Singularity> \w $ /usr/bin/cmake /uolstore/home/users/el22mg/ros2_ws/src/turtlebot3_simulations/turtlebot3_simulations -DCMAKE_INSTALL_PREFIX=/uolstore/home/users/el22mg/ros2_ws/src/install/turtlebot3_simulations
[3.057s] Invoking command in '/uolstore/home/users/el22mg/ros2_ws/src/build/turtlebot3_simulations': AMENT_PREFIX_PATH=/uolstore/home/users/el22mg/ros2_ws/src/install/turtlebot3_gazebo:/uolstore/home/users/el22mg/ros2_ws/src/install/turtlebot3_fake_node:${AMENT_PREFIX_PATH} CMAKE_PREFIX_PATH=/uolstore/home/users/el22mg/ros2_ws/src/install/turtlebot3_gazebo:/uolstore/home/users/el22mg/ros2_ws/src/install/turtlebot3_fake_node:/uolstore/home/users/el22mg/ros2_ws/install/turtlebot3_simulations:/uolstore/home/users/el22mg/ros2_ws/install/turtlebot3_gazebo:/uolstore/home/users/el22mg/ros2_ws/install/turtlebot3_fake_node:/uolstore/home/users/el22mg/ros2_ws/install/lab3:/uolstore/home/users/el22mg/ros2_ws/install/lab2:/uolstore/home/users/el22mg/ros2_ws/install/lab1:/opt/ros/humble PS1=[COMP3631] Singularity> \w $ /usr/bin/cmake --build /uolstore/home/users/el22mg/ros2_ws/src/build/turtlebot3_simulations -- -j20 -l20
[3.212s] Invoked command in '/uolstore/home/users/el22mg/ros2_ws/src/build/turtlebot3_simulations' returned '0': AMENT_PREFIX_PATH=/uolstore/home/users/el22mg/ros2_ws/src/install/turtlebot3_gazebo:/uolstore/home/users/el22mg/ros2_ws/src/install/turtlebot3_fake_node:${AMENT_PREFIX_PATH} CMAKE_PREFIX_PATH=/uolstore/home/users/el22mg/ros2_ws/src/install/turtlebot3_gazebo:/uolstore/home/users/el22mg/ros2_ws/src/install/turtlebot3_fake_node:/uolstore/home/users/el22mg/ros2_ws/install/turtlebot3_simulations:/uolstore/home/users/el22mg/ros2_ws/install/turtlebot3_gazebo:/uolstore/home/users/el22mg/ros2_ws/install/turtlebot3_fake_node:/uolstore/home/users/el22mg/ros2_ws/install/lab3:/uolstore/home/users/el22mg/ros2_ws/install/lab2:/uolstore/home/users/el22mg/ros2_ws/install/lab1:/opt/ros/humble PS1=[COMP3631] Singularity> \w $ /usr/bin/cmake --build /uolstore/home/users/el22mg/ros2_ws/src/build/turtlebot3_simulations -- -j20 -l20
[3.292s] Invoking command in '/uolstore/home/users/el22mg/ros2_ws/src/build/turtlebot3_simulations': AMENT_PREFIX_PATH=/uolstore/home/users/el22mg/ros2_ws/src/install/turtlebot3_gazebo:/uolstore/home/users/el22mg/ros2_ws/src/install/turtlebot3_fake_node:${AMENT_PREFIX_PATH} CMAKE_PREFIX_PATH=/uolstore/home/users/el22mg/ros2_ws/src/install/turtlebot3_gazebo:/uolstore/home/users/el22mg/ros2_ws/src/install/turtlebot3_fake_node:/uolstore/home/users/el22mg/ros2_ws/install/turtlebot3_simulations:/uolstore/home/users/el22mg/ros2_ws/install/turtlebot3_gazebo:/uolstore/home/users/el22mg/ros2_ws/install/turtlebot3_fake_node:/uolstore/home/users/el22mg/ros2_ws/install/lab3:/uolstore/home/users/el22mg/ros2_ws/install/lab2:/uolstore/home/users/el22mg/ros2_ws/install/lab1:/opt/ros/humble PS1=[COMP3631] Singularity> \w $ /usr/bin/cmake --install /uolstore/home/users/el22mg/ros2_ws/src/build/turtlebot3_simulations
[3.320s] -- Install configuration: ""
[3.329s] -- Installing: /uolstore/home/users/el22mg/ros2_ws/src/install/turtlebot3_simulations/share/ament_index/resource_index/package_run_dependencies/turtlebot3_simulations
[3.345s] -- Installing: /uolstore/home/users/el22mg/ros2_ws/src/install/turtlebot3_simulations/share/ament_index/resource_index/parent_prefix_path/turtlebot3_simulations
[3.361s] -- Installing: /uolstore/home/users/el22mg/ros2_ws/src/install/turtlebot3_simulations/share/turtlebot3_simulations/environment/ament_prefix_path.sh
[3.370s] -- Installing: /uolstore/home/users/el22mg/ros2_ws/src/install/turtlebot3_simulations/share/turtlebot3_simulations/environment/ament_prefix_path.dsv
[3.380s] -- Installing: /uolstore/home/users/el22mg/ros2_ws/src/install/turtlebot3_simulations/share/turtlebot3_simulations/environment/path.sh
[3.388s] -- Installing: /uolstore/home/users/el22mg/ros2_ws/src/install/turtlebot3_simulations/share/turtlebot3_simulations/environment/path.dsv
[3.399s] -- Installing: /uolstore/home/users/el22mg/ros2_ws/src/install/turtlebot3_simulations/share/turtlebot3_simulations/local_setup.bash
[3.411s] -- Installing: /uolstore/home/users/el22mg/ros2_ws/src/install/turtlebot3_simulations/share/turtlebot3_simulations/local_setup.sh
[3.422s] -- Installing: /uolstore/home/users/el22mg/ros2_ws/src/install/turtlebot3_simulations/share/turtlebot3_simulations/local_setup.zsh
[3.434s] -- Installing: /uolstore/home/users/el22mg/ros2_ws/src/install/turtlebot3_simulations/share/turtlebot3_simulations/local_setup.dsv
[3.445s] -- Installing: /uolstore/home/users/el22mg/ros2_ws/src/install/turtlebot3_simulations/share/turtlebot3_simulations/package.dsv
[3.460s] -- Installing: /uolstore/home/users/el22mg/ros2_ws/src/install/turtlebot3_simulations/share/ament_index/resource_index/packages/turtlebot3_simulations
[3.471s] -- Installing: /uolstore/home/users/el22mg/ros2_ws/src/install/turtlebot3_simulations/share/turtlebot3_simulations/cmake/turtlebot3_simulationsConfig.cmake
[3.481s] -- Installing: /uolstore/home/users/el22mg/ros2_ws/src/install/turtlebot3_simulations/share/turtlebot3_simulations/cmake/turtlebot3_simulationsConfig-version.cmake
[3.492s] -- Installing: /uolstore/home/users/el22mg/ros2_ws/src/install/turtlebot3_simulations/share/turtlebot3_simulations/package.xml
[3.507s] Invoked command in '/uolstore/home/users/el22mg/ros2_ws/src/build/turtlebot3_simulations' returned '0': AMENT_PREFIX_PATH=/uolstore/home/users/el22mg/ros2_ws/src/install/turtlebot3_gazebo:/uolstore/home/users/el22mg/ros2_ws/src/install/turtlebot3_fake_node:${AMENT_PREFIX_PATH} CMAKE_PREFIX_PATH=/uolstore/home/users/el22mg/ros2_ws/src/install/turtlebot3_gazebo:/uolstore/home/users/el22mg/ros2_ws/src/install/turtlebot3_fake_node:/uolstore/home/users/el22mg/ros2_ws/install/turtlebot3_simulations:/uolstore/home/users/el22mg/ros2_ws/install/turtlebot3_gazebo:/uolstore/home/users/el22mg/ros2_ws/install/turtlebot3_fake_node:/uolstore/home/users/el22mg/ros2_ws/install/lab3:/uolstore/home/users/el22mg/ros2_ws/install/lab2:/uolstore/home/users/el22mg/ros2_ws/install/lab1:/opt/ros/humble PS1=[COMP3631] Singularity> \w $ /usr/bin/cmake --install /uolstore/home/users/el22mg/ros2_ws/src/build/turtlebot3_simulations
