[0.510s] Invoking command in '/uolstore/home/users/el22mg/ros2_ws/src/build/turtlebot3_fake_node': CMAKE_PREFIX_PATH=${CMAKE_PREFIX_PATH}:/uolstore/home/users/el22mg/ros2_ws/install/lab3:/uolstore/home/users/el22mg/ros2_ws/install/lab2:/uolstore/home/users/el22mg/ros2_ws/install/lab1:/opt/ros/humble PS1=[COMP3631] Singularity> \w $ /usr/bin/cmake /uolstore/home/users/el22mg/ros2_ws/src/turtlebot3_simulations/turtlebot3_fake_node -DCMAKE_INSTALL_PREFIX=/uolstore/home/users/el22mg/ros2_ws/src/install/turtlebot3_fake_node
[1.173s] -- Found ament_cmake: 1.3.7 (/opt/ros/humble/share/ament_cmake/cmake)
[1.173s] -- Found Python3: /usr/bin/python3.10 (found version "3.10.12") found components: Interpreter 
[1.555s] -- Found geometry_msgs: 4.2.3 (/opt/ros/humble/share/geometry_msgs/cmake)
[1.980s] -- Found rosidl_generator_c: 3.1.5 (/opt/ros/humble/share/rosidl_generator_c/cmake)
[2.057s] -- Found rosidl_adapter: 3.1.5 (/opt/ros/humble/share/rosidl_adapter/cmake)
[2.146s] -- Found rosidl_generator_cpp: 3.1.5 (/opt/ros/humble/share/rosidl_generator_cpp/cmake)
[2.238s] -- Using all available rosidl_typesupport_c: rosidl_typesupport_fastrtps_c;rosidl_typesupport_introspection_c
[2.362s] -- Using all available rosidl_typesupport_cpp: rosidl_typesupport_fastrtps_cpp;rosidl_typesupport_introspection_cpp
[2.573s] -- Found nav_msgs: 4.2.3 (/opt/ros/humble/share/nav_msgs/cmake)
[2.673s] -- Found rclcpp: 16.0.8 (/opt/ros/humble/share/rclcpp/cmake)
[3.183s] -- Found rmw_implementation_cmake: 6.1.1 (/opt/ros/humble/share/rmw_implementation_cmake/cmake)
[3.231s] -- Found rmw_fastrtps_cpp: 6.2.6 (/opt/ros/humble/share/rmw_fastrtps_cpp/cmake)
[3.762s] -- Found OpenSSL: /usr/lib/x86_64-linux-gnu/libcrypto.so (found version "3.0.2")  
[3.905s] -- Found FastRTPS: /opt/ros/humble/include  
[4.103s] -- Using RMW implementation 'rmw_fastrtps_cpp' as default
[4.262s] -- Looking for pthread.h
[4.619s] -- Looking for pthread.h - found
[4.624s] -- Performing Test CMAKE_HAVE_LIBC_PTHREAD
[4.935s] -- Performing Test CMAKE_HAVE_LIBC_PTHREAD - Success
[4.939s] -- Found Threads: TRUE  
[5.160s] -- Found sensor_msgs: 4.2.3 (/opt/ros/humble/share/sensor_msgs/cmake)
[5.252s] -- Found tf2: 0.25.5 (/opt/ros/humble/share/tf2/cmake)
[5.396s] -- Found tf2_msgs: 0.25.5 (/opt/ros/humble/share/tf2_msgs/cmake)
[5.654s] -- Found turtlebot3_msgs: 2.2.3 (/opt/ros/humble/share/turtlebot3_msgs/cmake)
[5.963s] -- Configuring done
[6.239s] -- Generating done
[6.279s] -- Build files have been written to: /uolstore/home/users/el22mg/ros2_ws/src/build/turtlebot3_fake_node
[6.294s] Invoked command in '/uolstore/home/users/el22mg/ros2_ws/src/build/turtlebot3_fake_node' returned '0': CMAKE_PREFIX_PATH=${CMAKE_PREFIX_PATH}:/uolstore/home/users/el22mg/ros2_ws/install/lab3:/uolstore/home/users/el22mg/ros2_ws/install/lab2:/uolstore/home/users/el22mg/ros2_ws/install/lab1:/opt/ros/humble PS1=[COMP3631] Singularity> \w $ /usr/bin/cmake /uolstore/home/users/el22mg/ros2_ws/src/turtlebot3_simulations/turtlebot3_fake_node -DCMAKE_INSTALL_PREFIX=/uolstore/home/users/el22mg/ros2_ws/src/install/turtlebot3_fake_node
[6.307s] Invoking command in '/uolstore/home/users/el22mg/ros2_ws/src/build/turtlebot3_fake_node': CMAKE_PREFIX_PATH=${CMAKE_PREFIX_PATH}:/uolstore/home/users/el22mg/ros2_ws/install/lab3:/uolstore/home/users/el22mg/ros2_ws/install/lab2:/uolstore/home/users/el22mg/ros2_ws/install/lab1:/opt/ros/humble PS1=[COMP3631] Singularity> \w $ /usr/bin/cmake --build /uolstore/home/users/el22mg/ros2_ws/src/build/turtlebot3_fake_node -- -j20 -l20
[6.475s] [ 50%] [32mBuilding CXX object CMakeFiles/turtlebot3_fake_node.dir/src/turtlebot3_fake_node.cpp.o[0m
[13.902s] [100%] [32m[1mLinking CXX executable turtlebot3_fake_node[0m
[15.028s] [100%] Built target turtlebot3_fake_node
[15.043s] Invoked command in '/uolstore/home/users/el22mg/ros2_ws/src/build/turtlebot3_fake_node' returned '0': CMAKE_PREFIX_PATH=${CMAKE_PREFIX_PATH}:/uolstore/home/users/el22mg/ros2_ws/install/lab3:/uolstore/home/users/el22mg/ros2_ws/install/lab2:/uolstore/home/users/el22mg/ros2_ws/install/lab1:/opt/ros/humble PS1=[COMP3631] Singularity> \w $ /usr/bin/cmake --build /uolstore/home/users/el22mg/ros2_ws/src/build/turtlebot3_fake_node -- -j20 -l20
[15.100s] Invoking command in '/uolstore/home/users/el22mg/ros2_ws/src/build/turtlebot3_fake_node': CMAKE_PREFIX_PATH=${CMAKE_PREFIX_PATH}:/uolstore/home/users/el22mg/ros2_ws/install/lab3:/uolstore/home/users/el22mg/ros2_ws/install/lab2:/uolstore/home/users/el22mg/ros2_ws/install/lab1:/opt/ros/humble PS1=[COMP3631] Singularity> \w $ /usr/bin/cmake --install /uolstore/home/users/el22mg/ros2_ws/src/build/turtlebot3_fake_node
[15.112s] -- Install configuration: ""
[15.117s] -- Installing: /uolstore/home/users/el22mg/ros2_ws/src/install/turtlebot3_fake_node/lib/turtlebot3_fake_node/turtlebot3_fake_node
[15.202s] -- Set runtime path of "/uolstore/home/users/el22mg/ros2_ws/src/install/turtlebot3_fake_node/lib/turtlebot3_fake_node/turtlebot3_fake_node" to ""
[15.203s] -- Installing: /uolstore/home/users/el22mg/ros2_ws/src/install/turtlebot3_fake_node/share/turtlebot3_fake_node/launch
[15.210s] -- Installing: /uolstore/home/users/el22mg/ros2_ws/src/install/turtlebot3_fake_node/share/turtlebot3_fake_node/launch/rviz2.launch.py
[15.221s] -- Installing: /uolstore/home/users/el22mg/ros2_ws/src/install/turtlebot3_fake_node/share/turtlebot3_fake_node/launch/turtlebot3_fake_node.launch.py
[15.232s] -- Installing: /uolstore/home/users/el22mg/ros2_ws/src/install/turtlebot3_fake_node/share/turtlebot3_fake_node/param
[15.240s] -- Installing: /uolstore/home/users/el22mg/ros2_ws/src/install/turtlebot3_fake_node/share/turtlebot3_fake_node/param/burger.yaml
[15.250s] -- Installing: /uolstore/home/users/el22mg/ros2_ws/src/install/turtlebot3_fake_node/share/turtlebot3_fake_node/param/waffle.yaml
[15.261s] -- Installing: /uolstore/home/users/el22mg/ros2_ws/src/install/turtlebot3_fake_node/share/turtlebot3_fake_node/param/waffle_pi.yaml
[15.271s] -- Installing: /uolstore/home/users/el22mg/ros2_ws/src/install/turtlebot3_fake_node/include/
[15.276s] -- Installing: /uolstore/home/users/el22mg/ros2_ws/src/install/turtlebot3_fake_node/include//turtlebot3_fake_node
[15.281s] -- Installing: /uolstore/home/users/el22mg/ros2_ws/src/install/turtlebot3_fake_node/include//turtlebot3_fake_node/turtlebot3_fake_node.hpp
[15.297s] -- Installing: /uolstore/home/users/el22mg/ros2_ws/src/install/turtlebot3_fake_node/share/ament_index/resource_index/package_run_dependencies/turtlebot3_fake_node
[15.312s] -- Installing: /uolstore/home/users/el22mg/ros2_ws/src/install/turtlebot3_fake_node/share/ament_index/resource_index/parent_prefix_path/turtlebot3_fake_node
[15.325s] -- Installing: /uolstore/home/users/el22mg/ros2_ws/src/install/turtlebot3_fake_node/share/turtlebot3_fake_node/environment/ament_prefix_path.sh
[15.334s] -- Installing: /uolstore/home/users/el22mg/ros2_ws/src/install/turtlebot3_fake_node/share/turtlebot3_fake_node/environment/ament_prefix_path.dsv
[15.344s] -- Installing: /uolstore/home/users/el22mg/ros2_ws/src/install/turtlebot3_fake_node/share/turtlebot3_fake_node/environment/path.sh
[15.352s] -- Installing: /uolstore/home/users/el22mg/ros2_ws/src/install/turtlebot3_fake_node/share/turtlebot3_fake_node/environment/path.dsv
[15.363s] -- Installing: /uolstore/home/users/el22mg/ros2_ws/src/install/turtlebot3_fake_node/share/turtlebot3_fake_node/local_setup.bash
[15.374s] -- Installing: /uolstore/home/users/el22mg/ros2_ws/src/install/turtlebot3_fake_node/share/turtlebot3_fake_node/local_setup.sh
[15.384s] -- Installing: /uolstore/home/users/el22mg/ros2_ws/src/install/turtlebot3_fake_node/share/turtlebot3_fake_node/local_setup.zsh
[15.396s] -- Installing: /uolstore/home/users/el22mg/ros2_ws/src/install/turtlebot3_fake_node/share/turtlebot3_fake_node/local_setup.dsv
[15.408s] -- Installing: /uolstore/home/users/el22mg/ros2_ws/src/install/turtlebot3_fake_node/share/turtlebot3_fake_node/package.dsv
[15.424s] -- Installing: /uolstore/home/users/el22mg/ros2_ws/src/install/turtlebot3_fake_node/share/ament_index/resource_index/packages/turtlebot3_fake_node
[15.437s] -- Installing: /uolstore/home/users/el22mg/ros2_ws/src/install/turtlebot3_fake_node/share/turtlebot3_fake_node/cmake/ament_cmake_export_include_directories-extras.cmake
[15.446s] -- Installing: /uolstore/home/users/el22mg/ros2_ws/src/install/turtlebot3_fake_node/share/turtlebot3_fake_node/cmake/ament_cmake_export_dependencies-extras.cmake
[15.456s] -- Installing: /uolstore/home/users/el22mg/ros2_ws/src/install/turtlebot3_fake_node/share/turtlebot3_fake_node/cmake/turtlebot3_fake_nodeConfig.cmake
[15.466s] -- Installing: /uolstore/home/users/el22mg/ros2_ws/src/install/turtlebot3_fake_node/share/turtlebot3_fake_node/cmake/turtlebot3_fake_nodeConfig-version.cmake
[15.476s] -- Installing: /uolstore/home/users/el22mg/ros2_ws/src/install/turtlebot3_fake_node/share/turtlebot3_fake_node/package.xml
[15.488s] Invoked command in '/uolstore/home/users/el22mg/ros2_ws/src/build/turtlebot3_fake_node' returned '0': CMAKE_PREFIX_PATH=${CMAKE_PREFIX_PATH}:/uolstore/home/users/el22mg/ros2_ws/install/lab3:/uolstore/home/users/el22mg/ros2_ws/install/lab2:/uolstore/home/users/el22mg/ros2_ws/install/lab1:/opt/ros/humble PS1=[COMP3631] Singularity> \w $ /usr/bin/cmake --install /uolstore/home/users/el22mg/ros2_ws/src/build/turtlebot3_fake_node
