[1.619s] Invoking command in '/uolstore/home/users/el22mg/ros2_ws/src/lab1': PS1=[COMP3631] Singularity> \w $ PYTHONPATH=/uolstore/home/users/el22mg/ros2_ws/src/build/lab1/prefix_override:/uolstore/home/users/el22mg/ros2_ws/src/install/lab1/lib/python3.10/site-packages:${PYTHONPATH} /usr/bin/python3 setup.py egg_info --egg-base ../build/lab1 build --build-base /uolstore/home/users/el22mg/ros2_ws/src/build/lab1/build install --record /uolstore/home/users/el22mg/ros2_ws/src/build/lab1/install.log --single-version-externally-managed
[1.809s] running egg_info
[1.810s] writing ../build/lab1/lab1.egg-info/PKG-INFO
[1.815s] writing dependency_links to ../build/lab1/lab1.egg-info/dependency_links.txt
[1.818s] writing entry points to ../build/lab1/lab1.egg-info/entry_points.txt
[1.821s] writing requirements to ../build/lab1/lab1.egg-info/requires.txt
[1.823s] writing top-level names to ../build/lab1/lab1.egg-info/top_level.txt
[1.832s] reading manifest file '../build/lab1/lab1.egg-info/SOURCES.txt'
[1.837s] writing manifest file '../build/lab1/lab1.egg-info/SOURCES.txt'
[1.840s] running build
[1.840s] running build_py
[1.843s] running install
[1.844s] running install_lib
[1.849s] running install_data
[1.852s] running install_egg_info
[1.853s] removing '/uolstore/home/users/el22mg/ros2_ws/src/install/lab1/lib/python3.10/site-packages/lab1-0.0.0-py3.10.egg-info' (and everything under it)
[1.865s] Copying ../build/lab1/lab1.egg-info to /uolstore/home/users/el22mg/ros2_ws/src/install/lab1/lib/python3.10/site-packages/lab1-0.0.0-py3.10.egg-info
[1.923s] running install_scripts
[1.952s] Installing hello script to /uolstore/home/users/el22mg/ros2_ws/src/install/lab1/lib/lab1
[1.956s] writing list of installed files to '/uolstore/home/users/el22mg/ros2_ws/src/build/lab1/install.log'
[1.975s] Invoked command in '/uolstore/home/users/el22mg/ros2_ws/src/lab1' returned '0': PS1=[COMP3631] Singularity> \w $ PYTHONPATH=/uolstore/home/users/el22mg/ros2_ws/src/build/lab1/prefix_override:/uolstore/home/users/el22mg/ros2_ws/src/install/lab1/lib/python3.10/site-packages:${PYTHONPATH} /usr/bin/python3 setup.py egg_info --egg-base ../build/lab1 build --build-base /uolstore/home/users/el22mg/ros2_ws/src/build/lab1/build install --record /uolstore/home/users/el22mg/ros2_ws/src/build/lab1/install.log --single-version-externally-managed
