[1.589s] DEBUG:colcon:Command line arguments: ['/usr/bin/colcon', 'build']
[1.589s] DEBUG:colcon:Parsed command line arguments: Namespace(log_base=None, log_level=None, verb_name='build', build_base='build', install_base='install', merge_install=False, symlink_install=False, test_result_base=None, continue_on_error=False, executor='parallel', parallel_workers=20, event_handlers=None, ignore_user_meta=False, metas=['./colcon.meta'], base_paths=['.'], packages_ignore=None, packages_ignore_regex=None, paths=None, packages_up_to=None, packages_up_to_regex=None, packages_above=None, packages_above_and_dependencies=None, packages_above_depth=None, packages_select_by_dep=None, packages_skip_by_dep=None, packages_skip_up_to=None, packages_select_build_failed=False, packages_skip_build_finished=False, packages_select_test_failures=False, packages_skip_test_passed=False, packages_select=None, packages_skip=None, packages_select_regex=None, packages_skip_regex=None, packages_start=None, packages_end=None, allow_overriding=[], cmake_args=None, cmake_target=None, cmake_target_skip_unavailable=False, cmake_clean_cache=False, cmake_clean_first=False, cmake_force_configure=False, ament_cmake_args=None, catkin_cmake_args=None, catkin_skip_building_tests=False, verb_parser=<colcon_defaults.argument_parser.defaults.DefaultArgumentsDecorator object at 0x7f34527bdbd0>, verb_extension=<colcon_core.verb.build.BuildVerb object at 0x7f34529e51b0>, main=<bound method BuildVerb.main of <colcon_core.verb.build.BuildVerb object at 0x7f34529e51b0>>)
[1.626s] Level 1:colcon.colcon_core.package_discovery:discover_packages(colcon_meta) check parameters
[1.626s] Level 1:colcon.colcon_core.package_discovery:discover_packages(recursive) check parameters
[1.626s] Level 1:colcon.colcon_core.package_discovery:discover_packages(ignore) check parameters
[1.626s] Level 1:colcon.colcon_core.package_discovery:discover_packages(path) check parameters
[1.626s] Level 1:colcon.colcon_core.package_discovery:discover_packages(colcon_meta) discover
[1.626s] Level 1:colcon.colcon_core.package_discovery:discover_packages(recursive) discover
[1.626s] INFO:colcon.colcon_core.package_discovery:Crawling recursively for packages in '/uolstore/home/users/el22mg/ros2_ws/src'
[1.627s] Level 1:colcon.colcon_core.package_identification:_identify(.) by extensions ['ignore', 'ignore_ament_install']
[1.627s] Level 1:colcon.colcon_core.package_identification:_identify(.) by extension 'ignore'
[1.627s] Level 1:colcon.colcon_core.package_identification:_identify(.) by extension 'ignore_ament_install'
[1.627s] Level 1:colcon.colcon_core.package_identification:_identify(.) by extensions ['colcon_pkg']
[1.627s] Level 1:colcon.colcon_core.package_identification:_identify(.) by extension 'colcon_pkg'
[1.627s] Level 1:colcon.colcon_core.package_identification:_identify(.) by extensions ['colcon_meta']
[1.627s] Level 1:colcon.colcon_core.package_identification:_identify(.) by extension 'colcon_meta'
[1.627s] Level 1:colcon.colcon_core.package_identification:_identify(.) by extensions ['ros']
[1.627s] Level 1:colcon.colcon_core.package_identification:_identify(.) by extension 'ros'
[1.633s] Level 1:colcon.colcon_core.package_identification:_identify(.) by extensions ['cmake', 'python']
[1.633s] Level 1:colcon.colcon_core.package_identification:_identify(.) by extension 'cmake'
[1.633s] Level 1:colcon.colcon_core.package_identification:_identify(.) by extension 'python'
[1.633s] Level 1:colcon.colcon_core.package_identification:_identify(.) by extensions ['python_setup_py']
[1.633s] Level 1:colcon.colcon_core.package_identification:_identify(.) by extension 'python_setup_py'
[1.635s] Level 1:colcon.colcon_core.package_identification:_identify(build) by extensions ['ignore', 'ignore_ament_install']
[1.635s] Level 1:colcon.colcon_core.package_identification:_identify(build) by extension 'ignore'
[1.635s] Level 1:colcon.colcon_core.package_identification:_identify(build) ignored
[1.637s] Level 1:colcon.colcon_core.package_identification:_identify(install) by extensions ['ignore', 'ignore_ament_install']
[1.637s] Level 1:colcon.colcon_core.package_identification:_identify(install) by extension 'ignore'
[1.637s] Level 1:colcon.colcon_core.package_identification:_identify(install) ignored
[1.638s] Level 1:colcon.colcon_core.package_identification:_identify(lab1) by extensions ['ignore', 'ignore_ament_install']
[1.638s] Level 1:colcon.colcon_core.package_identification:_identify(lab1) by extension 'ignore'
[1.638s] Level 1:colcon.colcon_core.package_identification:_identify(lab1) by extension 'ignore_ament_install'
[1.638s] Level 1:colcon.colcon_core.package_identification:_identify(lab1) by extensions ['colcon_pkg']
[1.638s] Level 1:colcon.colcon_core.package_identification:_identify(lab1) by extension 'colcon_pkg'
[1.638s] Level 1:colcon.colcon_core.package_identification:_identify(lab1) by extensions ['colcon_meta']
[1.638s] Level 1:colcon.colcon_core.package_identification:_identify(lab1) by extension 'colcon_meta'
[1.638s] Level 1:colcon.colcon_core.package_identification:_identify(lab1) by extensions ['ros']
[1.638s] Level 1:colcon.colcon_core.package_identification:_identify(lab1) by extension 'ros'
[1.641s] DEBUG:colcon.colcon_core.package_identification:Package 'lab1' with type 'ros.ament_python' and name 'lab1'
[1.641s] Level 1:colcon.colcon_core.package_identification:_identify(lab2) by extensions ['ignore', 'ignore_ament_install']
[1.642s] Level 1:colcon.colcon_core.package_identification:_identify(lab2) by extension 'ignore'
[1.642s] Level 1:colcon.colcon_core.package_identification:_identify(lab2) by extension 'ignore_ament_install'
[1.642s] Level 1:colcon.colcon_core.package_identification:_identify(lab2) by extensions ['colcon_pkg']
[1.642s] Level 1:colcon.colcon_core.package_identification:_identify(lab2) by extension 'colcon_pkg'
[1.642s] Level 1:colcon.colcon_core.package_identification:_identify(lab2) by extensions ['colcon_meta']
[1.642s] Level 1:colcon.colcon_core.package_identification:_identify(lab2) by extension 'colcon_meta'
[1.642s] Level 1:colcon.colcon_core.package_identification:_identify(lab2) by extensions ['ros']
[1.642s] Level 1:colcon.colcon_core.package_identification:_identify(lab2) by extension 'ros'
[1.643s] DEBUG:colcon.colcon_core.package_identification:Package 'lab2' with type 'ros.ament_python' and name 'lab2'
[1.644s] Level 1:colcon.colcon_core.package_identification:_identify(lab3) by extensions ['ignore', 'ignore_ament_install']
[1.644s] Level 1:colcon.colcon_core.package_identification:_identify(lab3) by extension 'ignore'
[1.644s] Level 1:colcon.colcon_core.package_identification:_identify(lab3) by extension 'ignore_ament_install'
[1.644s] Level 1:colcon.colcon_core.package_identification:_identify(lab3) by extensions ['colcon_pkg']
[1.644s] Level 1:colcon.colcon_core.package_identification:_identify(lab3) by extension 'colcon_pkg'
[1.644s] Level 1:colcon.colcon_core.package_identification:_identify(lab3) by extensions ['colcon_meta']
[1.644s] Level 1:colcon.colcon_core.package_identification:_identify(lab3) by extension 'colcon_meta'
[1.644s] Level 1:colcon.colcon_core.package_identification:_identify(lab3) by extensions ['ros']
[1.644s] Level 1:colcon.colcon_core.package_identification:_identify(lab3) by extension 'ros'
[1.645s] DEBUG:colcon.colcon_core.package_identification:Package 'lab3' with type 'ros.ament_python' and name 'lab3'
[1.647s] Level 1:colcon.colcon_core.package_identification:_identify(log) by extensions ['ignore', 'ignore_ament_install']
[1.647s] Level 1:colcon.colcon_core.package_identification:_identify(log) by extension 'ignore'
[1.647s] Level 1:colcon.colcon_core.package_identification:_identify(log) ignored
[1.647s] Level 1:colcon.colcon_core.package_identification:_identify(turtlebot3_simulations) by extensions ['ignore', 'ignore_ament_install']
[1.647s] Level 1:colcon.colcon_core.package_identification:_identify(turtlebot3_simulations) by extension 'ignore'
[1.647s] Level 1:colcon.colcon_core.package_identification:_identify(turtlebot3_simulations) by extension 'ignore_ament_install'
[1.647s] Level 1:colcon.colcon_core.package_identification:_identify(turtlebot3_simulations) by extensions ['colcon_pkg']
[1.647s] Level 1:colcon.colcon_core.package_identification:_identify(turtlebot3_simulations) by extension 'colcon_pkg'
[1.648s] Level 1:colcon.colcon_core.package_identification:_identify(turtlebot3_simulations) by extensions ['colcon_meta']
[1.648s] Level 1:colcon.colcon_core.package_identification:_identify(turtlebot3_simulations) by extension 'colcon_meta'
[1.648s] Level 1:colcon.colcon_core.package_identification:_identify(turtlebot3_simulations) by extensions ['ros']
[1.648s] Level 1:colcon.colcon_core.package_identification:_identify(turtlebot3_simulations) by extension 'ros'
[1.648s] Level 1:colcon.colcon_core.package_identification:_identify(turtlebot3_simulations) by extensions ['cmake', 'python']
[1.648s] Level 1:colcon.colcon_core.package_identification:_identify(turtlebot3_simulations) by extension 'cmake'
[1.648s] Level 1:colcon.colcon_core.package_identification:_identify(turtlebot3_simulations) by extension 'python'
[1.648s] Level 1:colcon.colcon_core.package_identification:_identify(turtlebot3_simulations) by extensions ['python_setup_py']
[1.648s] Level 1:colcon.colcon_core.package_identification:_identify(turtlebot3_simulations) by extension 'python_setup_py'
[1.648s] Level 1:colcon.colcon_core.package_identification:_identify(turtlebot3_simulations/turtlebot3_fake_node) by extensions ['ignore', 'ignore_ament_install']
[1.648s] Level 1:colcon.colcon_core.package_identification:_identify(turtlebot3_simulations/turtlebot3_fake_node) by extension 'ignore'
[1.648s] Level 1:colcon.colcon_core.package_identification:_identify(turtlebot3_simulations/turtlebot3_fake_node) by extension 'ignore_ament_install'
[1.648s] Level 1:colcon.colcon_core.package_identification:_identify(turtlebot3_simulations/turtlebot3_fake_node) by extensions ['colcon_pkg']
[1.648s] Level 1:colcon.colcon_core.package_identification:_identify(turtlebot3_simulations/turtlebot3_fake_node) by extension 'colcon_pkg'
[1.648s] Level 1:colcon.colcon_core.package_identification:_identify(turtlebot3_simulations/turtlebot3_fake_node) by extensions ['colcon_meta']
[1.648s] Level 1:colcon.colcon_core.package_identification:_identify(turtlebot3_simulations/turtlebot3_fake_node) by extension 'colcon_meta'
[1.648s] Level 1:colcon.colcon_core.package_identification:_identify(turtlebot3_simulations/turtlebot3_fake_node) by extensions ['ros']
[1.648s] Level 1:colcon.colcon_core.package_identification:_identify(turtlebot3_simulations/turtlebot3_fake_node) by extension 'ros'
[1.650s] DEBUG:colcon.colcon_core.package_identification:Package 'turtlebot3_simulations/turtlebot3_fake_node' with type 'ros.ament_cmake' and name 'turtlebot3_fake_node'
[1.650s] Level 1:colcon.colcon_core.package_identification:_identify(turtlebot3_simulations/turtlebot3_gazebo) by extensions ['ignore', 'ignore_ament_install']
[1.650s] Level 1:colcon.colcon_core.package_identification:_identify(turtlebot3_simulations/turtlebot3_gazebo) by extension 'ignore'
[1.650s] Level 1:colcon.colcon_core.package_identification:_identify(turtlebot3_simulations/turtlebot3_gazebo) by extension 'ignore_ament_install'
[1.651s] Level 1:colcon.colcon_core.package_identification:_identify(turtlebot3_simulations/turtlebot3_gazebo) by extensions ['colcon_pkg']
[1.651s] Level 1:colcon.colcon_core.package_identification:_identify(turtlebot3_simulations/turtlebot3_gazebo) by extension 'colcon_pkg'
[1.651s] Level 1:colcon.colcon_core.package_identification:_identify(turtlebot3_simulations/turtlebot3_gazebo) by extensions ['colcon_meta']
[1.651s] Level 1:colcon.colcon_core.package_identification:_identify(turtlebot3_simulations/turtlebot3_gazebo) by extension 'colcon_meta'
[1.651s] Level 1:colcon.colcon_core.package_identification:_identify(turtlebot3_simulations/turtlebot3_gazebo) by extensions ['ros']
[1.651s] Level 1:colcon.colcon_core.package_identification:_identify(turtlebot3_simulations/turtlebot3_gazebo) by extension 'ros'
[1.652s] DEBUG:colcon.colcon_core.package_identification:Package 'turtlebot3_simulations/turtlebot3_gazebo' with type 'ros.ament_cmake' and name 'turtlebot3_gazebo'
[1.653s] Level 1:colcon.colcon_core.package_identification:_identify(turtlebot3_simulations/turtlebot3_simulations) by extensions ['ignore', 'ignore_ament_install']
[1.653s] Level 1:colcon.colcon_core.package_identification:_identify(turtlebot3_simulations/turtlebot3_simulations) by extension 'ignore'
[1.653s] Level 1:colcon.colcon_core.package_identification:_identify(turtlebot3_simulations/turtlebot3_simulations) by extension 'ignore_ament_install'
[1.653s] Level 1:colcon.colcon_core.package_identification:_identify(turtlebot3_simulations/turtlebot3_simulations) by extensions ['colcon_pkg']
[1.653s] Level 1:colcon.colcon_core.package_identification:_identify(turtlebot3_simulations/turtlebot3_simulations) by extension 'colcon_pkg'
[1.653s] Level 1:colcon.colcon_core.package_identification:_identify(turtlebot3_simulations/turtlebot3_simulations) by extensions ['colcon_meta']
[1.653s] Level 1:colcon.colcon_core.package_identification:_identify(turtlebot3_simulations/turtlebot3_simulations) by extension 'colcon_meta'
[1.653s] Level 1:colcon.colcon_core.package_identification:_identify(turtlebot3_simulations/turtlebot3_simulations) by extensions ['ros']
[1.653s] Level 1:colcon.colcon_core.package_identification:_identify(turtlebot3_simulations/turtlebot3_simulations) by extension 'ros'
[1.655s] DEBUG:colcon.colcon_core.package_identification:Package 'turtlebot3_simulations/turtlebot3_simulations' with type 'ros.ament_cmake' and name 'turtlebot3_simulations'
[1.655s] Level 1:colcon.colcon_core.package_discovery:discover_packages(recursive) using defaults
[1.655s] Level 1:colcon.colcon_core.package_discovery:discover_packages(ignore) discover
[1.655s] Level 1:colcon.colcon_core.package_discovery:discover_packages(ignore) using defaults
[1.655s] Level 1:colcon.colcon_core.package_discovery:discover_packages(path) discover
[1.655s] Level 1:colcon.colcon_core.package_discovery:discover_packages(path) using defaults
[1.727s] Level 1:colcon.colcon_core.package_discovery:discover_packages(prefix_path) check parameters
[1.727s] Level 1:colcon.colcon_core.package_discovery:discover_packages(prefix_path) discover
[1.778s] DEBUG:colcon.colcon_installed_package_information.package_discovery:Found 6 installed packages in /uolstore/home/users/el22mg/ros2_ws/install
[1.792s] DEBUG:colcon.colcon_installed_package_information.package_discovery:Found 383 installed packages in /opt/ros/humble
[1.798s] Level 1:colcon.colcon_core.package_discovery:discover_packages(prefix_path) using defaults
[1.890s] Level 5:colcon.colcon_core.verb:set package 'lab1' build argument 'cmake_args' from command line to 'None'
[1.890s] Level 5:colcon.colcon_core.verb:set package 'lab1' build argument 'cmake_target' from command line to 'None'
[1.890s] Level 5:colcon.colcon_core.verb:set package 'lab1' build argument 'cmake_target_skip_unavailable' from command line to 'False'
[1.890s] Level 5:colcon.colcon_core.verb:set package 'lab1' build argument 'cmake_clean_cache' from command line to 'False'
[1.890s] Level 5:colcon.colcon_core.verb:set package 'lab1' build argument 'cmake_clean_first' from command line to 'False'
[1.890s] Level 5:colcon.colcon_core.verb:set package 'lab1' build argument 'cmake_force_configure' from command line to 'False'
[1.890s] Level 5:colcon.colcon_core.verb:set package 'lab1' build argument 'ament_cmake_args' from command line to 'None'
[1.890s] Level 5:colcon.colcon_core.verb:set package 'lab1' build argument 'catkin_cmake_args' from command line to 'None'
[1.890s] Level 5:colcon.colcon_core.verb:set package 'lab1' build argument 'catkin_skip_building_tests' from command line to 'False'
[1.890s] DEBUG:colcon.colcon_core.verb:Building package 'lab1' with the following arguments: {'ament_cmake_args': None, 'build_base': '/uolstore/home/users/el22mg/ros2_ws/src/build/lab1', 'catkin_cmake_args': None, 'catkin_skip_building_tests': False, 'cmake_args': None, 'cmake_clean_cache': False, 'cmake_clean_first': False, 'cmake_force_configure': False, 'cmake_target': None, 'cmake_target_skip_unavailable': False, 'install_base': '/uolstore/home/users/el22mg/ros2_ws/src/install/lab1', 'merge_install': False, 'path': '/uolstore/home/users/el22mg/ros2_ws/src/lab1', 'symlink_install': False, 'test_result_base': None}
[1.901s] Level 5:colcon.colcon_core.verb:set package 'lab2' build argument 'cmake_args' from command line to 'None'
[1.901s] Level 5:colcon.colcon_core.verb:set package 'lab2' build argument 'cmake_target' from command line to 'None'
[1.901s] Level 5:colcon.colcon_core.verb:set package 'lab2' build argument 'cmake_target_skip_unavailable' from command line to 'False'
[1.901s] Level 5:colcon.colcon_core.verb:set package 'lab2' build argument 'cmake_clean_cache' from command line to 'False'
[1.901s] Level 5:colcon.colcon_core.verb:set package 'lab2' build argument 'cmake_clean_first' from command line to 'False'
[1.901s] Level 5:colcon.colcon_core.verb:set package 'lab2' build argument 'cmake_force_configure' from command line to 'False'
[1.901s] Level 5:colcon.colcon_core.verb:set package 'lab2' build argument 'ament_cmake_args' from command line to 'None'
[1.901s] Level 5:colcon.colcon_core.verb:set package 'lab2' build argument 'catkin_cmake_args' from command line to 'None'
[1.901s] Level 5:colcon.colcon_core.verb:set package 'lab2' build argument 'catkin_skip_building_tests' from command line to 'False'
[1.901s] DEBUG:colcon.colcon_core.verb:Building package 'lab2' with the following arguments: {'ament_cmake_args': None, 'build_base': '/uolstore/home/users/el22mg/ros2_ws/src/build/lab2', 'catkin_cmake_args': None, 'catkin_skip_building_tests': False, 'cmake_args': None, 'cmake_clean_cache': False, 'cmake_clean_first': False, 'cmake_force_configure': False, 'cmake_target': None, 'cmake_target_skip_unavailable': False, 'install_base': '/uolstore/home/users/el22mg/ros2_ws/src/install/lab2', 'merge_install': False, 'path': '/uolstore/home/users/el22mg/ros2_ws/src/lab2', 'symlink_install': False, 'test_result_base': None}
[1.912s] Level 5:colcon.colcon_core.verb:set package 'lab3' build argument 'cmake_args' from command line to 'None'
[1.912s] Level 5:colcon.colcon_core.verb:set package 'lab3' build argument 'cmake_target' from command line to 'None'
[1.912s] Level 5:colcon.colcon_core.verb:set package 'lab3' build argument 'cmake_target_skip_unavailable' from command line to 'False'
[1.912s] Level 5:colcon.colcon_core.verb:set package 'lab3' build argument 'cmake_clean_cache' from command line to 'False'
[1.912s] Level 5:colcon.colcon_core.verb:set package 'lab3' build argument 'cmake_clean_first' from command line to 'False'
[1.912s] Level 5:colcon.colcon_core.verb:set package 'lab3' build argument 'cmake_force_configure' from command line to 'False'
[1.912s] Level 5:colcon.colcon_core.verb:set package 'lab3' build argument 'ament_cmake_args' from command line to 'None'
[1.912s] Level 5:colcon.colcon_core.verb:set package 'lab3' build argument 'catkin_cmake_args' from command line to 'None'
[1.912s] Level 5:colcon.colcon_core.verb:set package 'lab3' build argument 'catkin_skip_building_tests' from command line to 'False'
[1.912s] DEBUG:colcon.colcon_core.verb:Building package 'lab3' with the following arguments: {'ament_cmake_args': None, 'build_base': '/uolstore/home/users/el22mg/ros2_ws/src/build/lab3', 'catkin_cmake_args': None, 'catkin_skip_building_tests': False, 'cmake_args': None, 'cmake_clean_cache': False, 'cmake_clean_first': False, 'cmake_force_configure': False, 'cmake_target': None, 'cmake_target_skip_unavailable': False, 'install_base': '/uolstore/home/users/el22mg/ros2_ws/src/install/lab3', 'merge_install': False, 'path': '/uolstore/home/users/el22mg/ros2_ws/src/lab3', 'symlink_install': False, 'test_result_base': None}
[1.922s] Level 5:colcon.colcon_core.verb:set package 'turtlebot3_fake_node' build argument 'cmake_args' from command line to 'None'
[1.922s] Level 5:colcon.colcon_core.verb:set package 'turtlebot3_fake_node' build argument 'cmake_target' from command line to 'None'
[1.922s] Level 5:colcon.colcon_core.verb:set package 'turtlebot3_fake_node' build argument 'cmake_target_skip_unavailable' from command line to 'False'
[1.922s] Level 5:colcon.colcon_core.verb:set package 'turtlebot3_fake_node' build argument 'cmake_clean_cache' from command line to 'False'
[1.922s] Level 5:colcon.colcon_core.verb:set package 'turtlebot3_fake_node' build argument 'cmake_clean_first' from command line to 'False'
[1.922s] Level 5:colcon.colcon_core.verb:set package 'turtlebot3_fake_node' build argument 'cmake_force_configure' from command line to 'False'
[1.922s] Level 5:colcon.colcon_core.verb:set package 'turtlebot3_fake_node' build argument 'ament_cmake_args' from command line to 'None'
[1.922s] Level 5:colcon.colcon_core.verb:set package 'turtlebot3_fake_node' build argument 'catkin_cmake_args' from command line to 'None'
[1.923s] Level 5:colcon.colcon_core.verb:set package 'turtlebot3_fake_node' build argument 'catkin_skip_building_tests' from command line to 'False'
[1.923s] DEBUG:colcon.colcon_core.verb:Building package 'turtlebot3_fake_node' with the following arguments: {'ament_cmake_args': None, 'build_base': '/uolstore/home/users/el22mg/ros2_ws/src/build/turtlebot3_fake_node', 'catkin_cmake_args': None, 'catkin_skip_building_tests': False, 'cmake_args': None, 'cmake_clean_cache': False, 'cmake_clean_first': False, 'cmake_force_configure': False, 'cmake_target': None, 'cmake_target_skip_unavailable': False, 'install_base': '/uolstore/home/users/el22mg/ros2_ws/src/install/turtlebot3_fake_node', 'merge_install': False, 'path': '/uolstore/home/users/el22mg/ros2_ws/src/turtlebot3_simulations/turtlebot3_fake_node', 'symlink_install': False, 'test_result_base': None}
[1.933s] Level 5:colcon.colcon_core.verb:set package 'turtlebot3_gazebo' build argument 'cmake_args' from command line to 'None'
[1.933s] Level 5:colcon.colcon_core.verb:set package 'turtlebot3_gazebo' build argument 'cmake_target' from command line to 'None'
[1.933s] Level 5:colcon.colcon_core.verb:set package 'turtlebot3_gazebo' build argument 'cmake_target_skip_unavailable' from command line to 'False'
[1.933s] Level 5:colcon.colcon_core.verb:set package 'turtlebot3_gazebo' build argument 'cmake_clean_cache' from command line to 'False'
[1.933s] Level 5:colcon.colcon_core.verb:set package 'turtlebot3_gazebo' build argument 'cmake_clean_first' from command line to 'False'
[1.933s] Level 5:colcon.colcon_core.verb:set package 'turtlebot3_gazebo' build argument 'cmake_force_configure' from command line to 'False'
[1.933s] Level 5:colcon.colcon_core.verb:set package 'turtlebot3_gazebo' build argument 'ament_cmake_args' from command line to 'None'
[1.933s] Level 5:colcon.colcon_core.verb:set package 'turtlebot3_gazebo' build argument 'catkin_cmake_args' from command line to 'None'
[1.933s] Level 5:colcon.colcon_core.verb:set package 'turtlebot3_gazebo' build argument 'catkin_skip_building_tests' from command line to 'False'
[1.933s] DEBUG:colcon.colcon_core.verb:Building package 'turtlebot3_gazebo' with the following arguments: {'ament_cmake_args': None, 'build_base': '/uolstore/home/users/el22mg/ros2_ws/src/build/turtlebot3_gazebo', 'catkin_cmake_args': None, 'catkin_skip_building_tests': False, 'cmake_args': None, 'cmake_clean_cache': False, 'cmake_clean_first': False, 'cmake_force_configure': False, 'cmake_target': None, 'cmake_target_skip_unavailable': False, 'install_base': '/uolstore/home/users/el22mg/ros2_ws/src/install/turtlebot3_gazebo', 'merge_install': False, 'path': '/uolstore/home/users/el22mg/ros2_ws/src/turtlebot3_simulations/turtlebot3_gazebo', 'symlink_install': False, 'test_result_base': None}
[1.944s] Level 5:colcon.colcon_core.verb:set package 'turtlebot3_simulations' build argument 'cmake_args' from command line to 'None'
[1.944s] Level 5:colcon.colcon_core.verb:set package 'turtlebot3_simulations' build argument 'cmake_target' from command line to 'None'
[1.944s] Level 5:colcon.colcon_core.verb:set package 'turtlebot3_simulations' build argument 'cmake_target_skip_unavailable' from command line to 'False'
[1.944s] Level 5:colcon.colcon_core.verb:set package 'turtlebot3_simulations' build argument 'cmake_clean_cache' from command line to 'False'
[1.944s] Level 5:colcon.colcon_core.verb:set package 'turtlebot3_simulations' build argument 'cmake_clean_first' from command line to 'False'
[1.944s] Level 5:colcon.colcon_core.verb:set package 'turtlebot3_simulations' build argument 'cmake_force_configure' from command line to 'False'
[1.944s] Level 5:colcon.colcon_core.verb:set package 'turtlebot3_simulations' build argument 'ament_cmake_args' from command line to 'None'
[1.944s] Level 5:colcon.colcon_core.verb:set package 'turtlebot3_simulations' build argument 'catkin_cmake_args' from command line to 'None'
[1.944s] Level 5:colcon.colcon_core.verb:set package 'turtlebot3_simulations' build argument 'catkin_skip_building_tests' from command line to 'False'
[1.944s] DEBUG:colcon.colcon_core.verb:Building package 'turtlebot3_simulations' with the following arguments: {'ament_cmake_args': None, 'build_base': '/uolstore/home/users/el22mg/ros2_ws/src/build/turtlebot3_simulations', 'catkin_cmake_args': None, 'catkin_skip_building_tests': False, 'cmake_args': None, 'cmake_clean_cache': False, 'cmake_clean_first': False, 'cmake_force_configure': False, 'cmake_target': None, 'cmake_target_skip_unavailable': False, 'install_base': '/uolstore/home/users/el22mg/ros2_ws/src/install/turtlebot3_simulations', 'merge_install': False, 'path': '/uolstore/home/users/el22mg/ros2_ws/src/turtlebot3_simulations/turtlebot3_simulations', 'symlink_install': False, 'test_result_base': None}
[1.954s] INFO:colcon.colcon_core.executor:Executing jobs using 'parallel' executor
[1.965s] DEBUG:colcon.colcon_parallel_executor.executor.parallel:run_until_complete
[1.966s] INFO:colcon.colcon_ros.task.ament_cmake.build:Building ROS package in '/uolstore/home/users/el22mg/ros2_ws/src/turtlebot3_simulations/turtlebot3_fake_node' with build type 'ament_cmake'
[1.966s] INFO:colcon.colcon_cmake.task.cmake.build:Building CMake package in '/uolstore/home/users/el22mg/ros2_ws/src/turtlebot3_simulations/turtlebot3_fake_node'
[1.978s] INFO:colcon.colcon_core.plugin_system:Skipping extension 'colcon_core.shell.bat': Not used on non-Windows systems
[1.978s] INFO:colcon.colcon_core.shell:Skip shell extension 'powershell' for command environment: Not usable outside of PowerShell
[1.978s] DEBUG:colcon.colcon_core.shell:Skip shell extension 'dsv' for command environment
[2.029s] INFO:colcon.colcon_ros.task.ament_cmake.build:Building ROS package in '/uolstore/home/users/el22mg/ros2_ws/src/turtlebot3_simulations/turtlebot3_gazebo' with build type 'ament_cmake'
[2.029s] INFO:colcon.colcon_cmake.task.cmake.build:Building CMake package in '/uolstore/home/users/el22mg/ros2_ws/src/turtlebot3_simulations/turtlebot3_gazebo'
[2.049s] INFO:colcon.colcon_core.shell:Skip shell extension 'powershell' for command environment: Not usable outside of PowerShell
[2.049s] DEBUG:colcon.colcon_core.shell:Skip shell extension 'dsv' for command environment
[2.129s] INFO:colcon.colcon_ros.task.ament_python.build:Building ROS package in '/uolstore/home/users/el22mg/ros2_ws/src/lab1' with build type 'ament_python'
[2.130s] Level 1:colcon.colcon_core.shell:create_environment_hook('lab1', 'ament_prefix_path')
[2.157s] INFO:colcon.colcon_core.shell:Creating environment hook '/uolstore/home/users/el22mg/ros2_ws/src/install/lab1/share/lab1/hook/ament_prefix_path.ps1'
[2.163s] INFO:colcon.colcon_core.shell:Creating environment descriptor '/uolstore/home/users/el22mg/ros2_ws/src/install/lab1/share/lab1/hook/ament_prefix_path.dsv'
[2.167s] INFO:colcon.colcon_core.shell:Creating environment hook '/uolstore/home/users/el22mg/ros2_ws/src/install/lab1/share/lab1/hook/ament_prefix_path.sh'
[2.207s] INFO:colcon.colcon_core.shell:Skip shell extension 'powershell' for command environment: Not usable outside of PowerShell
[2.207s] DEBUG:colcon.colcon_core.shell:Skip shell extension 'dsv' for command environment
[2.262s] INFO:colcon.colcon_ros.task.ament_python.build:Building ROS package in '/uolstore/home/users/el22mg/ros2_ws/src/lab2' with build type 'ament_python'
[2.262s] Level 1:colcon.colcon_core.shell:create_environment_hook('lab2', 'ament_prefix_path')
[2.274s] INFO:colcon.colcon_core.shell:Creating environment hook '/uolstore/home/users/el22mg/ros2_ws/src/install/lab2/share/lab2/hook/ament_prefix_path.ps1'
[2.278s] INFO:colcon.colcon_core.shell:Creating environment descriptor '/uolstore/home/users/el22mg/ros2_ws/src/install/lab2/share/lab2/hook/ament_prefix_path.dsv'
[2.282s] INFO:colcon.colcon_core.shell:Creating environment hook '/uolstore/home/users/el22mg/ros2_ws/src/install/lab2/share/lab2/hook/ament_prefix_path.sh'
[2.301s] INFO:colcon.colcon_core.shell:Skip shell extension 'powershell' for command environment: Not usable outside of PowerShell
[2.301s] DEBUG:colcon.colcon_core.shell:Skip shell extension 'dsv' for command environment
[2.355s] INFO:colcon.colcon_ros.task.ament_python.build:Building ROS package in '/uolstore/home/users/el22mg/ros2_ws/src/lab3' with build type 'ament_python'
[2.355s] Level 1:colcon.colcon_core.shell:create_environment_hook('lab3', 'ament_prefix_path')
[2.367s] INFO:colcon.colcon_core.shell:Creating environment hook '/uolstore/home/users/el22mg/ros2_ws/src/install/lab3/share/lab3/hook/ament_prefix_path.ps1'
[2.371s] INFO:colcon.colcon_core.shell:Creating environment descriptor '/uolstore/home/users/el22mg/ros2_ws/src/install/lab3/share/lab3/hook/ament_prefix_path.dsv'
[2.375s] INFO:colcon.colcon_core.shell:Creating environment hook '/uolstore/home/users/el22mg/ros2_ws/src/install/lab3/share/lab3/hook/ament_prefix_path.sh'
[2.406s] INFO:colcon.colcon_core.shell:Skip shell extension 'powershell' for command environment: Not usable outside of PowerShell
[2.406s] DEBUG:colcon.colcon_core.shell:Skip shell extension 'dsv' for command environment
[2.477s] DEBUG:colcon.colcon_core.event_handler.log_command:Invoking command in '/uolstore/home/users/el22mg/ros2_ws/src/build/turtlebot3_fake_node': CMAKE_PREFIX_PATH=${CMAKE_PREFIX_PATH}:/uolstore/home/users/el22mg/ros2_ws/install/lab3:/uolstore/home/users/el22mg/ros2_ws/install/lab2:/uolstore/home/users/el22mg/ros2_ws/install/lab1:/opt/ros/humble PS1=[COMP3631] Singularity> \w $ /usr/bin/cmake /uolstore/home/users/el22mg/ros2_ws/src/turtlebot3_simulations/turtlebot3_fake_node -DCMAKE_INSTALL_PREFIX=/uolstore/home/users/el22mg/ros2_ws/src/install/turtlebot3_fake_node
[2.497s] DEBUG:colcon.colcon_core.event_handler.log_command:Invoking command in '/uolstore/home/users/el22mg/ros2_ws/src/build/turtlebot3_gazebo': CMAKE_PREFIX_PATH=${CMAKE_PREFIX_PATH}:/uolstore/home/users/el22mg/ros2_ws/install/lab3:/uolstore/home/users/el22mg/ros2_ws/install/lab2:/uolstore/home/users/el22mg/ros2_ws/install/lab1:/opt/ros/humble PS1=[COMP3631] Singularity> \w $ /usr/bin/cmake /uolstore/home/users/el22mg/ros2_ws/src/turtlebot3_simulations/turtlebot3_gazebo -DCMAKE_INSTALL_PREFIX=/uolstore/home/users/el22mg/ros2_ws/src/install/turtlebot3_gazebo
[2.765s] INFO:colcon.colcon_core.task.python.build:Building Python package in '/uolstore/home/users/el22mg/ros2_ws/src/lab1'
[2.778s] INFO:colcon.colcon_core.shell:Skip shell extension 'powershell' for command environment: Not usable outside of PowerShell
[2.778s] DEBUG:colcon.colcon_core.shell:Skip shell extension 'dsv' for command environment
[3.052s] INFO:colcon.colcon_core.task.python.build:Building Python package in '/uolstore/home/users/el22mg/ros2_ws/src/lab2'
[3.064s] INFO:colcon.colcon_core.shell:Skip shell extension 'powershell' for command environment: Not usable outside of PowerShell
[3.064s] DEBUG:colcon.colcon_core.shell:Skip shell extension 'dsv' for command environment
[3.367s] INFO:colcon.colcon_core.task.python.build:Building Python package in '/uolstore/home/users/el22mg/ros2_ws/src/lab3'
[3.380s] INFO:colcon.colcon_core.shell:Skip shell extension 'powershell' for command environment: Not usable outside of PowerShell
[3.380s] DEBUG:colcon.colcon_core.shell:Skip shell extension 'dsv' for command environment
[3.748s] DEBUG:colcon.colcon_core.event_handler.log_command:Invoking command in '/uolstore/home/users/el22mg/ros2_ws/src/lab1': PS1=[COMP3631] Singularity> \w $ PYTHONPATH=/uolstore/home/users/el22mg/ros2_ws/src/build/lab1/prefix_override:/uolstore/home/users/el22mg/ros2_ws/src/install/lab1/lib/python3.10/site-packages:${PYTHONPATH} /usr/bin/python3 setup.py egg_info --egg-base ../build/lab1 build --build-base /uolstore/home/users/el22mg/ros2_ws/src/build/lab1/build install --record /uolstore/home/users/el22mg/ros2_ws/src/build/lab1/install.log --single-version-externally-managed
[3.758s] DEBUG:colcon.colcon_core.event_handler.log_command:Invoking command in '/uolstore/home/users/el22mg/ros2_ws/src/lab3': PS1=[COMP3631] Singularity> \w $ PYTHONPATH=/uolstore/home/users/el22mg/ros2_ws/src/build/lab3/prefix_override:/uolstore/home/users/el22mg/ros2_ws/src/install/lab3/lib/python3.10/site-packages:${PYTHONPATH} /usr/bin/python3 setup.py egg_info --egg-base ../build/lab3 build --build-base /uolstore/home/users/el22mg/ros2_ws/src/build/lab3/build install --record /uolstore/home/users/el22mg/ros2_ws/src/build/lab3/install.log --single-version-externally-managed
[3.764s] DEBUG:colcon.colcon_core.event_handler.log_command:Invoking command in '/uolstore/home/users/el22mg/ros2_ws/src/lab2': PS1=[COMP3631] Singularity> \w $ PYTHONPATH=/uolstore/home/users/el22mg/ros2_ws/src/build/lab2/prefix_override:/uolstore/home/users/el22mg/ros2_ws/src/install/lab2/lib/python3.10/site-packages:${PYTHONPATH} /usr/bin/python3 setup.py egg_info --egg-base ../build/lab2 build --build-base /uolstore/home/users/el22mg/ros2_ws/src/build/lab2/build install --record /uolstore/home/users/el22mg/ros2_ws/src/build/lab2/install.log --single-version-externally-managed
[4.104s] DEBUG:colcon.colcon_core.event_handler.log_command:Invoked command in '/uolstore/home/users/el22mg/ros2_ws/src/lab1' returned '0': PS1=[COMP3631] Singularity> \w $ PYTHONPATH=/uolstore/home/users/el22mg/ros2_ws/src/build/lab1/prefix_override:/uolstore/home/users/el22mg/ros2_ws/src/install/lab1/lib/python3.10/site-packages:${PYTHONPATH} /usr/bin/python3 setup.py egg_info --egg-base ../build/lab1 build --build-base /uolstore/home/users/el22mg/ros2_ws/src/build/lab1/build install --record /uolstore/home/users/el22mg/ros2_ws/src/build/lab1/install.log --single-version-externally-managed
[4.120s] Level 1:colcon.colcon_core.environment:checking '/uolstore/home/users/el22mg/ros2_ws/src/install/lab1' for CMake module files
[4.122s] Level 1:colcon.colcon_core.environment:checking '/uolstore/home/users/el22mg/ros2_ws/src/install/lab1' for CMake config files
[4.134s] Level 1:colcon.colcon_core.environment:checking '/uolstore/home/users/el22mg/ros2_ws/src/install/lab1/lib'
[4.135s] Level 1:colcon.colcon_core.environment:checking '/uolstore/home/users/el22mg/ros2_ws/src/install/lab1/bin'
[4.135s] Level 1:colcon.colcon_core.environment:checking '/uolstore/home/users/el22mg/ros2_ws/src/install/lab1/lib/pkgconfig/lab1.pc'
[4.135s] Level 1:colcon.colcon_core.environment:checking '/uolstore/home/users/el22mg/ros2_ws/src/install/lab1/lib/python3.10/site-packages'
[4.135s] Level 1:colcon.colcon_core.shell:create_environment_hook('lab1', 'pythonpath')
[4.147s] INFO:colcon.colcon_core.shell:Creating environment hook '/uolstore/home/users/el22mg/ros2_ws/src/install/lab1/share/lab1/hook/pythonpath.ps1'
[4.151s] INFO:colcon.colcon_core.shell:Creating environment descriptor '/uolstore/home/users/el22mg/ros2_ws/src/install/lab1/share/lab1/hook/pythonpath.dsv'
[4.154s] INFO:colcon.colcon_core.shell:Creating environment hook '/uolstore/home/users/el22mg/ros2_ws/src/install/lab1/share/lab1/hook/pythonpath.sh'
[4.157s] Level 1:colcon.colcon_core.environment:checking '/uolstore/home/users/el22mg/ros2_ws/src/install/lab1/bin'
[4.157s] Level 1:colcon.colcon_core.environment:create_environment_scripts_only(lab1)
[4.174s] INFO:colcon.colcon_core.shell:Creating package script '/uolstore/home/users/el22mg/ros2_ws/src/install/lab1/share/lab1/package.ps1'
[4.178s] INFO:colcon.colcon_core.shell:Creating package descriptor '/uolstore/home/users/el22mg/ros2_ws/src/install/lab1/share/lab1/package.dsv'
[4.182s] INFO:colcon.colcon_core.shell:Creating package script '/uolstore/home/users/el22mg/ros2_ws/src/install/lab1/share/lab1/package.sh'
[4.185s] INFO:colcon.colcon_core.shell:Creating package script '/uolstore/home/users/el22mg/ros2_ws/src/install/lab1/share/lab1/package.bash'
[4.189s] INFO:colcon.colcon_core.shell:Creating package script '/uolstore/home/users/el22mg/ros2_ws/src/install/lab1/share/lab1/package.zsh'
[4.193s] Level 1:colcon.colcon_core.environment:create_file_with_runtime_dependencies(/uolstore/home/users/el22mg/ros2_ws/src/install/lab1/share/colcon-core/packages/lab1)
[4.205s] DEBUG:colcon.colcon_core.event_handler.log_command:Invoked command in '/uolstore/home/users/el22mg/ros2_ws/src/lab3' returned '0': PS1=[COMP3631] Singularity> \w $ PYTHONPATH=/uolstore/home/users/el22mg/ros2_ws/src/build/lab3/prefix_override:/uolstore/home/users/el22mg/ros2_ws/src/install/lab3/lib/python3.10/site-packages:${PYTHONPATH} /usr/bin/python3 setup.py egg_info --egg-base ../build/lab3 build --build-base /uolstore/home/users/el22mg/ros2_ws/src/build/lab3/build install --record /uolstore/home/users/el22mg/ros2_ws/src/build/lab3/install.log --single-version-externally-managed
[4.224s] Level 1:colcon.colcon_core.environment:checking '/uolstore/home/users/el22mg/ros2_ws/src/install/lab3' for CMake module files
[4.226s] Level 1:colcon.colcon_core.environment:checking '/uolstore/home/users/el22mg/ros2_ws/src/install/lab3' for CMake config files
[4.236s] Level 1:colcon.colcon_core.environment:checking '/uolstore/home/users/el22mg/ros2_ws/src/install/lab3/lib'
[4.237s] Level 1:colcon.colcon_core.environment:checking '/uolstore/home/users/el22mg/ros2_ws/src/install/lab3/bin'
[4.237s] Level 1:colcon.colcon_core.environment:checking '/uolstore/home/users/el22mg/ros2_ws/src/install/lab3/lib/pkgconfig/lab3.pc'
[4.237s] Level 1:colcon.colcon_core.environment:checking '/uolstore/home/users/el22mg/ros2_ws/src/install/lab3/lib/python3.10/site-packages'
[4.237s] Level 1:colcon.colcon_core.shell:create_environment_hook('lab3', 'pythonpath')
[4.262s] INFO:colcon.colcon_core.shell:Creating environment hook '/uolstore/home/users/el22mg/ros2_ws/src/install/lab3/share/lab3/hook/pythonpath.ps1'
[4.265s] INFO:colcon.colcon_core.shell:Creating environment descriptor '/uolstore/home/users/el22mg/ros2_ws/src/install/lab3/share/lab3/hook/pythonpath.dsv'
[4.268s] INFO:colcon.colcon_core.shell:Creating environment hook '/uolstore/home/users/el22mg/ros2_ws/src/install/lab3/share/lab3/hook/pythonpath.sh'
[4.272s] Level 1:colcon.colcon_core.environment:checking '/uolstore/home/users/el22mg/ros2_ws/src/install/lab3/bin'
[4.272s] Level 1:colcon.colcon_core.environment:create_environment_scripts_only(lab3)
[4.300s] INFO:colcon.colcon_core.shell:Creating package script '/uolstore/home/users/el22mg/ros2_ws/src/install/lab3/share/lab3/package.ps1'
[4.303s] INFO:colcon.colcon_core.shell:Creating package descriptor '/uolstore/home/users/el22mg/ros2_ws/src/install/lab3/share/lab3/package.dsv'
[4.306s] INFO:colcon.colcon_core.shell:Creating package script '/uolstore/home/users/el22mg/ros2_ws/src/install/lab3/share/lab3/package.sh'
[4.309s] INFO:colcon.colcon_core.shell:Creating package script '/uolstore/home/users/el22mg/ros2_ws/src/install/lab3/share/lab3/package.bash'
[4.312s] INFO:colcon.colcon_core.shell:Creating package script '/uolstore/home/users/el22mg/ros2_ws/src/install/lab3/share/lab3/package.zsh'
[4.315s] Level 1:colcon.colcon_core.environment:create_file_with_runtime_dependencies(/uolstore/home/users/el22mg/ros2_ws/src/install/lab3/share/colcon-core/packages/lab3)
[4.325s] DEBUG:colcon.colcon_core.event_handler.log_command:Invoked command in '/uolstore/home/users/el22mg/ros2_ws/src/lab2' returned '0': PS1=[COMP3631] Singularity> \w $ PYTHONPATH=/uolstore/home/users/el22mg/ros2_ws/src/build/lab2/prefix_override:/uolstore/home/users/el22mg/ros2_ws/src/install/lab2/lib/python3.10/site-packages:${PYTHONPATH} /usr/bin/python3 setup.py egg_info --egg-base ../build/lab2 build --build-base /uolstore/home/users/el22mg/ros2_ws/src/build/lab2/build install --record /uolstore/home/users/el22mg/ros2_ws/src/build/lab2/install.log --single-version-externally-managed
[4.333s] Level 1:colcon.colcon_core.environment:checking '/uolstore/home/users/el22mg/ros2_ws/src/install/lab2' for CMake module files
[4.335s] Level 1:colcon.colcon_core.environment:checking '/uolstore/home/users/el22mg/ros2_ws/src/install/lab2' for CMake config files
[4.346s] Level 1:colcon.colcon_core.environment:checking '/uolstore/home/users/el22mg/ros2_ws/src/install/lab2/lib'
[4.346s] Level 1:colcon.colcon_core.environment:checking '/uolstore/home/users/el22mg/ros2_ws/src/install/lab2/bin'
[4.346s] Level 1:colcon.colcon_core.environment:checking '/uolstore/home/users/el22mg/ros2_ws/src/install/lab2/lib/pkgconfig/lab2.pc'
[4.347s] Level 1:colcon.colcon_core.environment:checking '/uolstore/home/users/el22mg/ros2_ws/src/install/lab2/lib/python3.10/site-packages'
[4.347s] Level 1:colcon.colcon_core.shell:create_environment_hook('lab2', 'pythonpath')
[4.363s] INFO:colcon.colcon_core.shell:Creating environment hook '/uolstore/home/users/el22mg/ros2_ws/src/install/lab2/share/lab2/hook/pythonpath.ps1'
[4.366s] INFO:colcon.colcon_core.shell:Creating environment descriptor '/uolstore/home/users/el22mg/ros2_ws/src/install/lab2/share/lab2/hook/pythonpath.dsv'
[4.369s] INFO:colcon.colcon_core.shell:Creating environment hook '/uolstore/home/users/el22mg/ros2_ws/src/install/lab2/share/lab2/hook/pythonpath.sh'
[4.373s] Level 1:colcon.colcon_core.environment:checking '/uolstore/home/users/el22mg/ros2_ws/src/install/lab2/bin'
[4.373s] Level 1:colcon.colcon_core.environment:create_environment_scripts_only(lab2)
[4.391s] INFO:colcon.colcon_core.shell:Creating package script '/uolstore/home/users/el22mg/ros2_ws/src/install/lab2/share/lab2/package.ps1'
[4.395s] INFO:colcon.colcon_core.shell:Creating package descriptor '/uolstore/home/users/el22mg/ros2_ws/src/install/lab2/share/lab2/package.dsv'
[4.398s] INFO:colcon.colcon_core.shell:Creating package script '/uolstore/home/users/el22mg/ros2_ws/src/install/lab2/share/lab2/package.sh'
[4.402s] INFO:colcon.colcon_core.shell:Creating package script '/uolstore/home/users/el22mg/ros2_ws/src/install/lab2/share/lab2/package.bash'
[4.405s] INFO:colcon.colcon_core.shell:Creating package script '/uolstore/home/users/el22mg/ros2_ws/src/install/lab2/share/lab2/package.zsh'
[4.408s] Level 1:colcon.colcon_core.environment:create_file_with_runtime_dependencies(/uolstore/home/users/el22mg/ros2_ws/src/install/lab2/share/colcon-core/packages/lab2)
[8.261s] DEBUG:colcon.colcon_core.event_handler.log_command:Invoked command in '/uolstore/home/users/el22mg/ros2_ws/src/build/turtlebot3_fake_node' returned '0': CMAKE_PREFIX_PATH=${CMAKE_PREFIX_PATH}:/uolstore/home/users/el22mg/ros2_ws/install/lab3:/uolstore/home/users/el22mg/ros2_ws/install/lab2:/uolstore/home/users/el22mg/ros2_ws/install/lab1:/opt/ros/humble PS1=[COMP3631] Singularity> \w $ /usr/bin/cmake /uolstore/home/users/el22mg/ros2_ws/src/turtlebot3_simulations/turtlebot3_fake_node -DCMAKE_INSTALL_PREFIX=/uolstore/home/users/el22mg/ros2_ws/src/install/turtlebot3_fake_node
[8.274s] DEBUG:colcon.colcon_core.event_handler.log_command:Invoking command in '/uolstore/home/users/el22mg/ros2_ws/src/build/turtlebot3_fake_node': CMAKE_PREFIX_PATH=${CMAKE_PREFIX_PATH}:/uolstore/home/users/el22mg/ros2_ws/install/lab3:/uolstore/home/users/el22mg/ros2_ws/install/lab2:/uolstore/home/users/el22mg/ros2_ws/install/lab1:/opt/ros/humble PS1=[COMP3631] Singularity> \w $ /usr/bin/cmake --build /uolstore/home/users/el22mg/ros2_ws/src/build/turtlebot3_fake_node -- -j20 -l20
[12.494s] DEBUG:colcon.colcon_core.event_handler.log_command:Invoked command in '/uolstore/home/users/el22mg/ros2_ws/src/build/turtlebot3_gazebo' returned '0': CMAKE_PREFIX_PATH=${CMAKE_PREFIX_PATH}:/uolstore/home/users/el22mg/ros2_ws/install/lab3:/uolstore/home/users/el22mg/ros2_ws/install/lab2:/uolstore/home/users/el22mg/ros2_ws/install/lab1:/opt/ros/humble PS1=[COMP3631] Singularity> \w $ /usr/bin/cmake /uolstore/home/users/el22mg/ros2_ws/src/turtlebot3_simulations/turtlebot3_gazebo -DCMAKE_INSTALL_PREFIX=/uolstore/home/users/el22mg/ros2_ws/src/install/turtlebot3_gazebo
[12.504s] DEBUG:colcon.colcon_core.event_handler.log_command:Invoking command in '/uolstore/home/users/el22mg/ros2_ws/src/build/turtlebot3_gazebo': CMAKE_PREFIX_PATH=${CMAKE_PREFIX_PATH}:/uolstore/home/users/el22mg/ros2_ws/install/lab3:/uolstore/home/users/el22mg/ros2_ws/install/lab2:/uolstore/home/users/el22mg/ros2_ws/install/lab1:/opt/ros/humble PS1=[COMP3631] Singularity> \w $ /usr/bin/cmake --build /uolstore/home/users/el22mg/ros2_ws/src/build/turtlebot3_gazebo -- -j20 -l20
[17.010s] DEBUG:colcon.colcon_core.event_handler.log_command:Invoked command in '/uolstore/home/users/el22mg/ros2_ws/src/build/turtlebot3_fake_node' returned '0': CMAKE_PREFIX_PATH=${CMAKE_PREFIX_PATH}:/uolstore/home/users/el22mg/ros2_ws/install/lab3:/uolstore/home/users/el22mg/ros2_ws/install/lab2:/uolstore/home/users/el22mg/ros2_ws/install/lab1:/opt/ros/humble PS1=[COMP3631] Singularity> \w $ /usr/bin/cmake --build /uolstore/home/users/el22mg/ros2_ws/src/build/turtlebot3_fake_node -- -j20 -l20
[17.069s] DEBUG:colcon.colcon_core.event_handler.log_command:Invoking command in '/uolstore/home/users/el22mg/ros2_ws/src/build/turtlebot3_fake_node': CMAKE_PREFIX_PATH=${CMAKE_PREFIX_PATH}:/uolstore/home/users/el22mg/ros2_ws/install/lab3:/uolstore/home/users/el22mg/ros2_ws/install/lab2:/uolstore/home/users/el22mg/ros2_ws/install/lab1:/opt/ros/humble PS1=[COMP3631] Singularity> \w $ /usr/bin/cmake --install /uolstore/home/users/el22mg/ros2_ws/src/build/turtlebot3_fake_node
[17.454s] Level 1:colcon.colcon_core.environment:create_environment_scripts_only(turtlebot3_fake_node)
[17.454s] DEBUG:colcon.colcon_core.event_handler.log_command:Invoked command in '/uolstore/home/users/el22mg/ros2_ws/src/build/turtlebot3_fake_node' returned '0': CMAKE_PREFIX_PATH=${CMAKE_PREFIX_PATH}:/uolstore/home/users/el22mg/ros2_ws/install/lab3:/uolstore/home/users/el22mg/ros2_ws/install/lab2:/uolstore/home/users/el22mg/ros2_ws/install/lab1:/opt/ros/humble PS1=[COMP3631] Singularity> \w $ /usr/bin/cmake --install /uolstore/home/users/el22mg/ros2_ws/src/build/turtlebot3_fake_node
[17.468s] Level 1:colcon.colcon_core.environment:checking '/uolstore/home/users/el22mg/ros2_ws/src/install/turtlebot3_fake_node' for CMake module files
[17.477s] Level 1:colcon.colcon_core.environment:checking '/uolstore/home/users/el22mg/ros2_ws/src/install/turtlebot3_fake_node' for CMake config files
[17.483s] Level 1:colcon.colcon_core.shell:create_environment_hook('turtlebot3_fake_node', 'cmake_prefix_path')
[17.495s] INFO:colcon.colcon_core.shell:Creating environment hook '/uolstore/home/users/el22mg/ros2_ws/src/install/turtlebot3_fake_node/share/turtlebot3_fake_node/hook/cmake_prefix_path.ps1'
[17.498s] INFO:colcon.colcon_core.shell:Creating environment descriptor '/uolstore/home/users/el22mg/ros2_ws/src/install/turtlebot3_fake_node/share/turtlebot3_fake_node/hook/cmake_prefix_path.dsv'
[17.501s] INFO:colcon.colcon_core.shell:Creating environment hook '/uolstore/home/users/el22mg/ros2_ws/src/install/turtlebot3_fake_node/share/turtlebot3_fake_node/hook/cmake_prefix_path.sh'
[17.506s] Level 1:colcon.colcon_core.environment:checking '/uolstore/home/users/el22mg/ros2_ws/src/install/turtlebot3_fake_node/lib'
[17.507s] Level 1:colcon.colcon_core.environment:checking '/uolstore/home/users/el22mg/ros2_ws/src/install/turtlebot3_fake_node/bin'
[17.507s] Level 1:colcon.colcon_core.environment:checking '/uolstore/home/users/el22mg/ros2_ws/src/install/turtlebot3_fake_node/lib/pkgconfig/turtlebot3_fake_node.pc'
[17.508s] Level 1:colcon.colcon_core.environment:checking '/uolstore/home/users/el22mg/ros2_ws/src/install/turtlebot3_fake_node/lib/python3.10/site-packages'
[17.508s] Level 1:colcon.colcon_core.environment:checking '/uolstore/home/users/el22mg/ros2_ws/src/install/turtlebot3_fake_node/bin'
[17.523s] INFO:colcon.colcon_core.shell:Creating package script '/uolstore/home/users/el22mg/ros2_ws/src/install/turtlebot3_fake_node/share/turtlebot3_fake_node/package.ps1'
[17.526s] INFO:colcon.colcon_core.shell:Creating package descriptor '/uolstore/home/users/el22mg/ros2_ws/src/install/turtlebot3_fake_node/share/turtlebot3_fake_node/package.dsv'
[17.529s] INFO:colcon.colcon_core.shell:Creating package script '/uolstore/home/users/el22mg/ros2_ws/src/install/turtlebot3_fake_node/share/turtlebot3_fake_node/package.sh'
[17.532s] INFO:colcon.colcon_core.shell:Creating package script '/uolstore/home/users/el22mg/ros2_ws/src/install/turtlebot3_fake_node/share/turtlebot3_fake_node/package.bash'
[17.535s] INFO:colcon.colcon_core.shell:Creating package script '/uolstore/home/users/el22mg/ros2_ws/src/install/turtlebot3_fake_node/share/turtlebot3_fake_node/package.zsh'
[17.538s] Level 1:colcon.colcon_core.environment:create_file_with_runtime_dependencies(/uolstore/home/users/el22mg/ros2_ws/src/install/turtlebot3_fake_node/share/colcon-core/packages/turtlebot3_fake_node)
[17.585s] Level 1:colcon.colcon_core.environment:create_environment_scripts_only(turtlebot3_fake_node)
[17.607s] Level 1:colcon.colcon_core.environment:checking '/uolstore/home/users/el22mg/ros2_ws/src/install/turtlebot3_fake_node' for CMake module files
[17.609s] Level 1:colcon.colcon_core.environment:checking '/uolstore/home/users/el22mg/ros2_ws/src/install/turtlebot3_fake_node' for CMake config files
[17.613s] Level 1:colcon.colcon_core.shell:create_environment_hook('turtlebot3_fake_node', 'cmake_prefix_path')
[17.629s] INFO:colcon.colcon_core.shell:Creating environment hook '/uolstore/home/users/el22mg/ros2_ws/src/install/turtlebot3_fake_node/share/turtlebot3_fake_node/hook/cmake_prefix_path.ps1'
[17.633s] INFO:colcon.colcon_core.shell:Creating environment descriptor '/uolstore/home/users/el22mg/ros2_ws/src/install/turtlebot3_fake_node/share/turtlebot3_fake_node/hook/cmake_prefix_path.dsv'
[17.637s] INFO:colcon.colcon_core.shell:Creating environment hook '/uolstore/home/users/el22mg/ros2_ws/src/install/turtlebot3_fake_node/share/turtlebot3_fake_node/hook/cmake_prefix_path.sh'
[17.641s] Level 1:colcon.colcon_core.environment:checking '/uolstore/home/users/el22mg/ros2_ws/src/install/turtlebot3_fake_node/lib'
[17.642s] Level 1:colcon.colcon_core.environment:checking '/uolstore/home/users/el22mg/ros2_ws/src/install/turtlebot3_fake_node/bin'
[17.642s] Level 1:colcon.colcon_core.environment:checking '/uolstore/home/users/el22mg/ros2_ws/src/install/turtlebot3_fake_node/lib/pkgconfig/turtlebot3_fake_node.pc'
[17.642s] Level 1:colcon.colcon_core.environment:checking '/uolstore/home/users/el22mg/ros2_ws/src/install/turtlebot3_fake_node/lib/python3.10/site-packages'
[17.642s] Level 1:colcon.colcon_core.environment:checking '/uolstore/home/users/el22mg/ros2_ws/src/install/turtlebot3_fake_node/bin'
[17.654s] INFO:colcon.colcon_core.shell:Creating package script '/uolstore/home/users/el22mg/ros2_ws/src/install/turtlebot3_fake_node/share/turtlebot3_fake_node/package.ps1'
[17.657s] INFO:colcon.colcon_core.shell:Creating package descriptor '/uolstore/home/users/el22mg/ros2_ws/src/install/turtlebot3_fake_node/share/turtlebot3_fake_node/package.dsv'
[17.660s] INFO:colcon.colcon_core.shell:Creating package script '/uolstore/home/users/el22mg/ros2_ws/src/install/turtlebot3_fake_node/share/turtlebot3_fake_node/package.sh'
[17.663s] INFO:colcon.colcon_core.shell:Creating package script '/uolstore/home/users/el22mg/ros2_ws/src/install/turtlebot3_fake_node/share/turtlebot3_fake_node/package.bash'
[17.668s] INFO:colcon.colcon_core.shell:Creating package script '/uolstore/home/users/el22mg/ros2_ws/src/install/turtlebot3_fake_node/share/turtlebot3_fake_node/package.zsh'
[17.671s] Level 1:colcon.colcon_core.environment:create_file_with_runtime_dependencies(/uolstore/home/users/el22mg/ros2_ws/src/install/turtlebot3_fake_node/share/colcon-core/packages/turtlebot3_fake_node)
[22.670s] DEBUG:colcon.colcon_core.event_handler.log_command:Invoked command in '/uolstore/home/users/el22mg/ros2_ws/src/build/turtlebot3_gazebo' returned '0': CMAKE_PREFIX_PATH=${CMAKE_PREFIX_PATH}:/uolstore/home/users/el22mg/ros2_ws/install/lab3:/uolstore/home/users/el22mg/ros2_ws/install/lab2:/uolstore/home/users/el22mg/ros2_ws/install/lab1:/opt/ros/humble PS1=[COMP3631] Singularity> \w $ /usr/bin/cmake --build /uolstore/home/users/el22mg/ros2_ws/src/build/turtlebot3_gazebo -- -j20 -l20
[22.813s] DEBUG:colcon.colcon_core.event_handler.log_command:Invoking command in '/uolstore/home/users/el22mg/ros2_ws/src/build/turtlebot3_gazebo': CMAKE_PREFIX_PATH=${CMAKE_PREFIX_PATH}:/uolstore/home/users/el22mg/ros2_ws/install/lab3:/uolstore/home/users/el22mg/ros2_ws/install/lab2:/uolstore/home/users/el22mg/ros2_ws/install/lab1:/opt/ros/humble PS1=[COMP3631] Singularity> \w $ /usr/bin/cmake --install /uolstore/home/users/el22mg/ros2_ws/src/build/turtlebot3_gazebo
[28.224s] Level 1:colcon.colcon_core.environment:create_environment_scripts_only(turtlebot3_gazebo)
[28.225s] DEBUG:colcon.colcon_core.event_handler.log_command:Invoked command in '/uolstore/home/users/el22mg/ros2_ws/src/build/turtlebot3_gazebo' returned '0': CMAKE_PREFIX_PATH=${CMAKE_PREFIX_PATH}:/uolstore/home/users/el22mg/ros2_ws/install/lab3:/uolstore/home/users/el22mg/ros2_ws/install/lab2:/uolstore/home/users/el22mg/ros2_ws/install/lab1:/opt/ros/humble PS1=[COMP3631] Singularity> \w $ /usr/bin/cmake --install /uolstore/home/users/el22mg/ros2_ws/src/build/turtlebot3_gazebo
[28.269s] Level 1:colcon.colcon_core.environment:checking '/uolstore/home/users/el22mg/ros2_ws/src/install/turtlebot3_gazebo' for CMake module files
[28.277s] Level 1:colcon.colcon_core.environment:checking '/uolstore/home/users/el22mg/ros2_ws/src/install/turtlebot3_gazebo' for CMake config files
[28.380s] Level 1:colcon.colcon_core.shell:create_environment_hook('turtlebot3_gazebo', 'cmake_prefix_path')
[28.413s] INFO:colcon.colcon_core.shell:Creating environment hook '/uolstore/home/users/el22mg/ros2_ws/src/install/turtlebot3_gazebo/share/turtlebot3_gazebo/hook/cmake_prefix_path.ps1'
[28.416s] INFO:colcon.colcon_core.shell:Creating environment descriptor '/uolstore/home/users/el22mg/ros2_ws/src/install/turtlebot3_gazebo/share/turtlebot3_gazebo/hook/cmake_prefix_path.dsv'
[28.420s] INFO:colcon.colcon_core.shell:Creating environment hook '/uolstore/home/users/el22mg/ros2_ws/src/install/turtlebot3_gazebo/share/turtlebot3_gazebo/hook/cmake_prefix_path.sh'
[28.424s] Level 1:colcon.colcon_core.environment:checking '/uolstore/home/users/el22mg/ros2_ws/src/install/turtlebot3_gazebo/lib'
[28.425s] Level 1:colcon.colcon_core.environment:checking '/uolstore/home/users/el22mg/ros2_ws/src/install/turtlebot3_gazebo/bin'
[28.426s] Level 1:colcon.colcon_core.environment:checking '/uolstore/home/users/el22mg/ros2_ws/src/install/turtlebot3_gazebo/lib/pkgconfig/turtlebot3_gazebo.pc'
[28.427s] Level 1:colcon.colcon_core.environment:checking '/uolstore/home/users/el22mg/ros2_ws/src/install/turtlebot3_gazebo/lib/python3.10/site-packages'
[28.427s] Level 1:colcon.colcon_core.environment:checking '/uolstore/home/users/el22mg/ros2_ws/src/install/turtlebot3_gazebo/bin'
[28.445s] INFO:colcon.colcon_core.shell:Creating package script '/uolstore/home/users/el22mg/ros2_ws/src/install/turtlebot3_gazebo/share/turtlebot3_gazebo/package.ps1'
[28.449s] INFO:colcon.colcon_core.shell:Creating package descriptor '/uolstore/home/users/el22mg/ros2_ws/src/install/turtlebot3_gazebo/share/turtlebot3_gazebo/package.dsv'
[28.452s] INFO:colcon.colcon_core.shell:Creating package script '/uolstore/home/users/el22mg/ros2_ws/src/install/turtlebot3_gazebo/share/turtlebot3_gazebo/package.sh'
[28.455s] INFO:colcon.colcon_core.shell:Creating package script '/uolstore/home/users/el22mg/ros2_ws/src/install/turtlebot3_gazebo/share/turtlebot3_gazebo/package.bash'
[28.458s] INFO:colcon.colcon_core.shell:Creating package script '/uolstore/home/users/el22mg/ros2_ws/src/install/turtlebot3_gazebo/share/turtlebot3_gazebo/package.zsh'
[28.461s] Level 1:colcon.colcon_core.environment:create_file_with_runtime_dependencies(/uolstore/home/users/el22mg/ros2_ws/src/install/turtlebot3_gazebo/share/colcon-core/packages/turtlebot3_gazebo)
[28.629s] Level 1:colcon.colcon_core.environment:create_environment_scripts_only(turtlebot3_gazebo)
[28.641s] Level 1:colcon.colcon_core.environment:checking '/uolstore/home/users/el22mg/ros2_ws/src/install/turtlebot3_gazebo' for CMake module files
[28.644s] Level 1:colcon.colcon_core.environment:checking '/uolstore/home/users/el22mg/ros2_ws/src/install/turtlebot3_gazebo' for CMake config files
[28.729s] Level 1:colcon.colcon_core.shell:create_environment_hook('turtlebot3_gazebo', 'cmake_prefix_path')
[28.766s] INFO:colcon.colcon_core.shell:Creating environment hook '/uolstore/home/users/el22mg/ros2_ws/src/install/turtlebot3_gazebo/share/turtlebot3_gazebo/hook/cmake_prefix_path.ps1'
[28.770s] INFO:colcon.colcon_core.shell:Creating environment descriptor '/uolstore/home/users/el22mg/ros2_ws/src/install/turtlebot3_gazebo/share/turtlebot3_gazebo/hook/cmake_prefix_path.dsv'
[28.774s] INFO:colcon.colcon_core.shell:Creating environment hook '/uolstore/home/users/el22mg/ros2_ws/src/install/turtlebot3_gazebo/share/turtlebot3_gazebo/hook/cmake_prefix_path.sh'
[28.779s] Level 1:colcon.colcon_core.environment:checking '/uolstore/home/users/el22mg/ros2_ws/src/install/turtlebot3_gazebo/lib'
[28.779s] Level 1:colcon.colcon_core.environment:checking '/uolstore/home/users/el22mg/ros2_ws/src/install/turtlebot3_gazebo/bin'
[28.779s] Level 1:colcon.colcon_core.environment:checking '/uolstore/home/users/el22mg/ros2_ws/src/install/turtlebot3_gazebo/lib/pkgconfig/turtlebot3_gazebo.pc'
[28.780s] Level 1:colcon.colcon_core.environment:checking '/uolstore/home/users/el22mg/ros2_ws/src/install/turtlebot3_gazebo/lib/python3.10/site-packages'
[28.780s] Level 1:colcon.colcon_core.environment:checking '/uolstore/home/users/el22mg/ros2_ws/src/install/turtlebot3_gazebo/bin'
[28.804s] INFO:colcon.colcon_core.shell:Creating package script '/uolstore/home/users/el22mg/ros2_ws/src/install/turtlebot3_gazebo/share/turtlebot3_gazebo/package.ps1'
[28.808s] INFO:colcon.colcon_core.shell:Creating package descriptor '/uolstore/home/users/el22mg/ros2_ws/src/install/turtlebot3_gazebo/share/turtlebot3_gazebo/package.dsv'
[28.811s] INFO:colcon.colcon_core.shell:Creating package script '/uolstore/home/users/el22mg/ros2_ws/src/install/turtlebot3_gazebo/share/turtlebot3_gazebo/package.sh'
[28.815s] INFO:colcon.colcon_core.shell:Creating package script '/uolstore/home/users/el22mg/ros2_ws/src/install/turtlebot3_gazebo/share/turtlebot3_gazebo/package.bash'
[28.818s] INFO:colcon.colcon_core.shell:Creating package script '/uolstore/home/users/el22mg/ros2_ws/src/install/turtlebot3_gazebo/share/turtlebot3_gazebo/package.zsh'
[28.821s] Level 1:colcon.colcon_core.environment:create_file_with_runtime_dependencies(/uolstore/home/users/el22mg/ros2_ws/src/install/turtlebot3_gazebo/share/colcon-core/packages/turtlebot3_gazebo)
[28.824s] INFO:colcon.colcon_ros.task.ament_cmake.build:Building ROS package in '/uolstore/home/users/el22mg/ros2_ws/src/turtlebot3_simulations/turtlebot3_simulations' with build type 'ament_cmake'
[28.825s] INFO:colcon.colcon_cmake.task.cmake.build:Building CMake package in '/uolstore/home/users/el22mg/ros2_ws/src/turtlebot3_simulations/turtlebot3_simulations'
[28.852s] INFO:colcon.colcon_core.shell:Skip shell extension 'powershell' for command environment: Not usable outside of PowerShell
[28.852s] DEBUG:colcon.colcon_core.shell:Skip shell extension 'dsv' for command environment
[28.971s] DEBUG:colcon.colcon_core.event_handler.log_command:Invoking command in '/uolstore/home/users/el22mg/ros2_ws/src/build/turtlebot3_simulations': AMENT_PREFIX_PATH=/uolstore/home/users/el22mg/ros2_ws/src/install/turtlebot3_gazebo:/uolstore/home/users/el22mg/ros2_ws/src/install/turtlebot3_fake_node:${AMENT_PREFIX_PATH} CMAKE_PREFIX_PATH=/uolstore/home/users/el22mg/ros2_ws/src/install/turtlebot3_gazebo:/uolstore/home/users/el22mg/ros2_ws/src/install/turtlebot3_fake_node:/uolstore/home/users/el22mg/ros2_ws/install/turtlebot3_simulations:/uolstore/home/users/el22mg/ros2_ws/install/turtlebot3_gazebo:/uolstore/home/users/el22mg/ros2_ws/install/turtlebot3_fake_node:/uolstore/home/users/el22mg/ros2_ws/install/lab3:/uolstore/home/users/el22mg/ros2_ws/install/lab2:/uolstore/home/users/el22mg/ros2_ws/install/lab1:/opt/ros/humble PS1=[COMP3631] Singularity> \w $ /usr/bin/cmake /uolstore/home/users/el22mg/ros2_ws/src/turtlebot3_simulations/turtlebot3_simulations -DCMAKE_INSTALL_PREFIX=/uolstore/home/users/el22mg/ros2_ws/src/install/turtlebot3_simulations
[31.885s] DEBUG:colcon.colcon_core.event_handler.log_command:Invoked command in '/uolstore/home/users/el22mg/ros2_ws/src/build/turtlebot3_simulations' returned '0': AMENT_PREFIX_PATH=/uolstore/home/users/el22mg/ros2_ws/src/install/turtlebot3_gazebo:/uolstore/home/users/el22mg/ros2_ws/src/install/turtlebot3_fake_node:${AMENT_PREFIX_PATH} CMAKE_PREFIX_PATH=/uolstore/home/users/el22mg/ros2_ws/src/install/turtlebot3_gazebo:/uolstore/home/users/el22mg/ros2_ws/src/install/turtlebot3_fake_node:/uolstore/home/users/el22mg/ros2_ws/install/turtlebot3_simulations:/uolstore/home/users/el22mg/ros2_ws/install/turtlebot3_gazebo:/uolstore/home/users/el22mg/ros2_ws/install/turtlebot3_fake_node:/uolstore/home/users/el22mg/ros2_ws/install/lab3:/uolstore/home/users/el22mg/ros2_ws/install/lab2:/uolstore/home/users/el22mg/ros2_ws/install/lab1:/opt/ros/humble PS1=[COMP3631] Singularity> \w $ /usr/bin/cmake /uolstore/home/users/el22mg/ros2_ws/src/turtlebot3_simulations/turtlebot3_simulations -DCMAKE_INSTALL_PREFIX=/uolstore/home/users/el22mg/ros2_ws/src/install/turtlebot3_simulations
[31.888s] DEBUG:colcon.colcon_core.event_handler.log_command:Invoking command in '/uolstore/home/users/el22mg/ros2_ws/src/build/turtlebot3_simulations': AMENT_PREFIX_PATH=/uolstore/home/users/el22mg/ros2_ws/src/install/turtlebot3_gazebo:/uolstore/home/users/el22mg/ros2_ws/src/install/turtlebot3_fake_node:${AMENT_PREFIX_PATH} CMAKE_PREFIX_PATH=/uolstore/home/users/el22mg/ros2_ws/src/install/turtlebot3_gazebo:/uolstore/home/users/el22mg/ros2_ws/src/install/turtlebot3_fake_node:/uolstore/home/users/el22mg/ros2_ws/install/turtlebot3_simulations:/uolstore/home/users/el22mg/ros2_ws/install/turtlebot3_gazebo:/uolstore/home/users/el22mg/ros2_ws/install/turtlebot3_fake_node:/uolstore/home/users/el22mg/ros2_ws/install/lab3:/uolstore/home/users/el22mg/ros2_ws/install/lab2:/uolstore/home/users/el22mg/ros2_ws/install/lab1:/opt/ros/humble PS1=[COMP3631] Singularity> \w $ /usr/bin/cmake --build /uolstore/home/users/el22mg/ros2_ws/src/build/turtlebot3_simulations -- -j20 -l20
[32.044s] DEBUG:colcon.colcon_core.event_handler.log_command:Invoked command in '/uolstore/home/users/el22mg/ros2_ws/src/build/turtlebot3_simulations' returned '0': AMENT_PREFIX_PATH=/uolstore/home/users/el22mg/ros2_ws/src/install/turtlebot3_gazebo:/uolstore/home/users/el22mg/ros2_ws/src/install/turtlebot3_fake_node:${AMENT_PREFIX_PATH} CMAKE_PREFIX_PATH=/uolstore/home/users/el22mg/ros2_ws/src/install/turtlebot3_gazebo:/uolstore/home/users/el22mg/ros2_ws/src/install/turtlebot3_fake_node:/uolstore/home/users/el22mg/ros2_ws/install/turtlebot3_simulations:/uolstore/home/users/el22mg/ros2_ws/install/turtlebot3_gazebo:/uolstore/home/users/el22mg/ros2_ws/install/turtlebot3_fake_node:/uolstore/home/users/el22mg/ros2_ws/install/lab3:/uolstore/home/users/el22mg/ros2_ws/install/lab2:/uolstore/home/users/el22mg/ros2_ws/install/lab1:/opt/ros/humble PS1=[COMP3631] Singularity> \w $ /usr/bin/cmake --build /uolstore/home/users/el22mg/ros2_ws/src/build/turtlebot3_simulations -- -j20 -l20
[32.124s] DEBUG:colcon.colcon_core.event_handler.log_command:Invoking command in '/uolstore/home/users/el22mg/ros2_ws/src/build/turtlebot3_simulations': AMENT_PREFIX_PATH=/uolstore/home/users/el22mg/ros2_ws/src/install/turtlebot3_gazebo:/uolstore/home/users/el22mg/ros2_ws/src/install/turtlebot3_fake_node:${AMENT_PREFIX_PATH} CMAKE_PREFIX_PATH=/uolstore/home/users/el22mg/ros2_ws/src/install/turtlebot3_gazebo:/uolstore/home/users/el22mg/ros2_ws/src/install/turtlebot3_fake_node:/uolstore/home/users/el22mg/ros2_ws/install/turtlebot3_simulations:/uolstore/home/users/el22mg/ros2_ws/install/turtlebot3_gazebo:/uolstore/home/users/el22mg/ros2_ws/install/turtlebot3_fake_node:/uolstore/home/users/el22mg/ros2_ws/install/lab3:/uolstore/home/users/el22mg/ros2_ws/install/lab2:/uolstore/home/users/el22mg/ros2_ws/install/lab1:/opt/ros/humble PS1=[COMP3631] Singularity> \w $ /usr/bin/cmake --install /uolstore/home/users/el22mg/ros2_ws/src/build/turtlebot3_simulations
[32.337s] Level 1:colcon.colcon_core.environment:create_environment_scripts_only(turtlebot3_simulations)
[32.338s] DEBUG:colcon.colcon_core.event_handler.log_command:Invoked command in '/uolstore/home/users/el22mg/ros2_ws/src/build/turtlebot3_simulations' returned '0': AMENT_PREFIX_PATH=/uolstore/home/users/el22mg/ros2_ws/src/install/turtlebot3_gazebo:/uolstore/home/users/el22mg/ros2_ws/src/install/turtlebot3_fake_node:${AMENT_PREFIX_PATH} CMAKE_PREFIX_PATH=/uolstore/home/users/el22mg/ros2_ws/src/install/turtlebot3_gazebo:/uolstore/home/users/el22mg/ros2_ws/src/install/turtlebot3_fake_node:/uolstore/home/users/el22mg/ros2_ws/install/turtlebot3_simulations:/uolstore/home/users/el22mg/ros2_ws/install/turtlebot3_gazebo:/uolstore/home/users/el22mg/ros2_ws/install/turtlebot3_fake_node:/uolstore/home/users/el22mg/ros2_ws/install/lab3:/uolstore/home/users/el22mg/ros2_ws/install/lab2:/uolstore/home/users/el22mg/ros2_ws/install/lab1:/opt/ros/humble PS1=[COMP3631] Singularity> \w $ /usr/bin/cmake --install /uolstore/home/users/el22mg/ros2_ws/src/build/turtlebot3_simulations
[32.395s] Level 1:colcon.colcon_core.environment:checking '/uolstore/home/users/el22mg/ros2_ws/src/install/turtlebot3_simulations' for CMake module files
[32.401s] Level 1:colcon.colcon_core.environment:checking '/uolstore/home/users/el22mg/ros2_ws/src/install/turtlebot3_simulations' for CMake config files
[32.410s] Level 1:colcon.colcon_core.shell:create_environment_hook('turtlebot3_simulations', 'cmake_prefix_path')
[32.440s] INFO:colcon.colcon_core.shell:Creating environment hook '/uolstore/home/users/el22mg/ros2_ws/src/install/turtlebot3_simulations/share/turtlebot3_simulations/hook/cmake_prefix_path.ps1'
[32.444s] INFO:colcon.colcon_core.shell:Creating environment descriptor '/uolstore/home/users/el22mg/ros2_ws/src/install/turtlebot3_simulations/share/turtlebot3_simulations/hook/cmake_prefix_path.dsv'
[32.447s] INFO:colcon.colcon_core.shell:Creating environment hook '/uolstore/home/users/el22mg/ros2_ws/src/install/turtlebot3_simulations/share/turtlebot3_simulations/hook/cmake_prefix_path.sh'
[32.451s] Level 1:colcon.colcon_core.environment:checking '/uolstore/home/users/el22mg/ros2_ws/src/install/turtlebot3_simulations/bin'
[32.452s] Level 1:colcon.colcon_core.environment:checking '/uolstore/home/users/el22mg/ros2_ws/src/install/turtlebot3_simulations/lib/pkgconfig/turtlebot3_simulations.pc'
[32.452s] Level 1:colcon.colcon_core.environment:checking '/uolstore/home/users/el22mg/ros2_ws/src/install/turtlebot3_simulations/lib/python3.10/site-packages'
[32.453s] Level 1:colcon.colcon_core.environment:checking '/uolstore/home/users/el22mg/ros2_ws/src/install/turtlebot3_simulations/bin'
[32.474s] INFO:colcon.colcon_core.shell:Creating package script '/uolstore/home/users/el22mg/ros2_ws/src/install/turtlebot3_simulations/share/turtlebot3_simulations/package.ps1'
[32.477s] INFO:colcon.colcon_core.shell:Creating package descriptor '/uolstore/home/users/el22mg/ros2_ws/src/install/turtlebot3_simulations/share/turtlebot3_simulations/package.dsv'
[32.480s] INFO:colcon.colcon_core.shell:Creating package script '/uolstore/home/users/el22mg/ros2_ws/src/install/turtlebot3_simulations/share/turtlebot3_simulations/package.sh'
[32.483s] INFO:colcon.colcon_core.shell:Creating package script '/uolstore/home/users/el22mg/ros2_ws/src/install/turtlebot3_simulations/share/turtlebot3_simulations/package.bash'
[32.486s] INFO:colcon.colcon_core.shell:Creating package script '/uolstore/home/users/el22mg/ros2_ws/src/install/turtlebot3_simulations/share/turtlebot3_simulations/package.zsh'
[32.489s] Level 1:colcon.colcon_core.environment:create_file_with_runtime_dependencies(/uolstore/home/users/el22mg/ros2_ws/src/install/turtlebot3_simulations/share/colcon-core/packages/turtlebot3_simulations)
[32.609s] Level 1:colcon.colcon_core.environment:create_environment_scripts_only(turtlebot3_simulations)
[32.622s] Level 1:colcon.colcon_core.environment:checking '/uolstore/home/users/el22mg/ros2_ws/src/install/turtlebot3_simulations' for CMake module files
[32.624s] Level 1:colcon.colcon_core.environment:checking '/uolstore/home/users/el22mg/ros2_ws/src/install/turtlebot3_simulations' for CMake config files
[32.631s] Level 1:colcon.colcon_core.shell:create_environment_hook('turtlebot3_simulations', 'cmake_prefix_path')
[32.645s] INFO:colcon.colcon_core.shell:Creating environment hook '/uolstore/home/users/el22mg/ros2_ws/src/install/turtlebot3_simulations/share/turtlebot3_simulations/hook/cmake_prefix_path.ps1'
[32.648s] INFO:colcon.colcon_core.shell:Creating environment descriptor '/uolstore/home/users/el22mg/ros2_ws/src/install/turtlebot3_simulations/share/turtlebot3_simulations/hook/cmake_prefix_path.dsv'
[32.652s] INFO:colcon.colcon_core.shell:Creating environment hook '/uolstore/home/users/el22mg/ros2_ws/src/install/turtlebot3_simulations/share/turtlebot3_simulations/hook/cmake_prefix_path.sh'
[32.655s] Level 1:colcon.colcon_core.environment:checking '/uolstore/home/users/el22mg/ros2_ws/src/install/turtlebot3_simulations/bin'
[32.655s] Level 1:colcon.colcon_core.environment:checking '/uolstore/home/users/el22mg/ros2_ws/src/install/turtlebot3_simulations/lib/pkgconfig/turtlebot3_simulations.pc'
[32.656s] Level 1:colcon.colcon_core.environment:checking '/uolstore/home/users/el22mg/ros2_ws/src/install/turtlebot3_simulations/lib/python3.10/site-packages'
[32.656s] Level 1:colcon.colcon_core.environment:checking '/uolstore/home/users/el22mg/ros2_ws/src/install/turtlebot3_simulations/bin'
[32.670s] INFO:colcon.colcon_core.shell:Creating package script '/uolstore/home/users/el22mg/ros2_ws/src/install/turtlebot3_simulations/share/turtlebot3_simulations/package.ps1'
[32.674s] INFO:colcon.colcon_core.shell:Creating package descriptor '/uolstore/home/users/el22mg/ros2_ws/src/install/turtlebot3_simulations/share/turtlebot3_simulations/package.dsv'
[32.677s] INFO:colcon.colcon_core.shell:Creating package script '/uolstore/home/users/el22mg/ros2_ws/src/install/turtlebot3_simulations/share/turtlebot3_simulations/package.sh'
[32.680s] INFO:colcon.colcon_core.shell:Creating package script '/uolstore/home/users/el22mg/ros2_ws/src/install/turtlebot3_simulations/share/turtlebot3_simulations/package.bash'
[32.682s] INFO:colcon.colcon_core.shell:Creating package script '/uolstore/home/users/el22mg/ros2_ws/src/install/turtlebot3_simulations/share/turtlebot3_simulations/package.zsh'
[32.685s] Level 1:colcon.colcon_core.environment:create_file_with_runtime_dependencies(/uolstore/home/users/el22mg/ros2_ws/src/install/turtlebot3_simulations/share/colcon-core/packages/turtlebot3_simulations)
[32.688s] DEBUG:colcon.colcon_parallel_executor.executor.parallel:closing loop
[32.688s] DEBUG:colcon.colcon_parallel_executor.executor.parallel:loop closed
[32.689s] DEBUG:colcon.colcon_parallel_executor.executor.parallel:run_until_complete finished with '0'
[32.689s] DEBUG:colcon.colcon_core.event_reactor:joining thread
[32.727s] INFO:colcon.colcon_core.plugin_system:Skipping extension 'colcon_notification.desktop_notification.notify_send': Could not find 'notify-send'
[32.727s] INFO:colcon.colcon_core.plugin_system:Skipping extension 'colcon_notification.desktop_notification.terminal_notifier': Not used on non-Darwin systems
[32.727s] INFO:colcon.colcon_core.plugin_system:Skipping extension 'colcon_notification.desktop_notification.win32': Not used on non-Windows systems
[32.727s] INFO:colcon.colcon_notification.desktop_notification:Sending desktop notification using 'notify2'
[32.734s] DEBUG:colcon.colcon_core.event_reactor:joined thread
[32.761s] INFO:colcon.colcon_core.shell:Creating prefix script '/uolstore/home/users/el22mg/ros2_ws/src/install/local_setup.ps1'
[32.765s] INFO:colcon.colcon_core.shell:Creating prefix util module '/uolstore/home/users/el22mg/ros2_ws/src/install/_local_setup_util_ps1.py'
[32.770s] INFO:colcon.colcon_core.shell:Creating prefix chain script '/uolstore/home/users/el22mg/ros2_ws/src/install/setup.ps1'
[32.812s] INFO:colcon.colcon_core.shell:Creating prefix script '/uolstore/home/users/el22mg/ros2_ws/src/install/local_setup.sh'
[32.816s] INFO:colcon.colcon_core.shell:Creating prefix util module '/uolstore/home/users/el22mg/ros2_ws/src/install/_local_setup_util_sh.py'
[32.822s] INFO:colcon.colcon_core.shell:Creating prefix chain script '/uolstore/home/users/el22mg/ros2_ws/src/install/setup.sh'
[32.870s] INFO:colcon.colcon_core.shell:Creating prefix script '/uolstore/home/users/el22mg/ros2_ws/src/install/local_setup.bash'
[32.876s] INFO:colcon.colcon_core.shell:Creating prefix chain script '/uolstore/home/users/el22mg/ros2_ws/src/install/setup.bash'
[32.936s] INFO:colcon.colcon_core.shell:Creating prefix script '/uolstore/home/users/el22mg/ros2_ws/src/install/local_setup.zsh'
[32.940s] INFO:colcon.colcon_core.shell:Creating prefix chain script '/uolstore/home/users/el22mg/ros2_ws/src/install/setup.zsh'
