[1.308s] Invoking command in '/uolstore/home/users/el22mg/ros2_ws/src/lab3': PS1=[COMP3631] Singularity> \w $ PYTHONPATH=/uolstore/home/users/el22mg/ros2_ws/src/build/lab3/prefix_override:/uolstore/home/users/el22mg/ros2_ws/src/install/lab3/lib/python3.10/site-packages: /usr/bin/python3 setup.py egg_info --egg-base ../build/lab3 build --build-base /uolstore/home/users/el22mg/ros2_ws/src/build/lab3/build install --record /uolstore/home/users/el22mg/ros2_ws/src/build/lab3/install.log --single-version-externally-managed
[1.428s] running egg_info
[1.428s] creating ../build/lab3/lab3.egg-info
[1.429s] writing ../build/lab3/lab3.egg-info/PKG-INFO
[1.435s] writing dependency_links to ../build/lab3/lab3.egg-info/dependency_links.txt
[1.439s] writing entry points to ../build/lab3/lab3.egg-info/entry_points.txt
[1.442s] writing requirements to ../build/lab3/lab3.egg-info/requires.txt
[1.445s] writing top-level names to ../build/lab3/lab3.egg-info/top_level.txt
[1.449s] writing manifest file '../build/lab3/lab3.egg-info/SOURCES.txt'
[1.459s] reading manifest file '../build/lab3/lab3.egg-info/SOURCES.txt'
[1.462s] writing manifest file '../build/lab3/lab3.egg-info/SOURCES.txt'
[1.464s] running build
[1.464s] running build_py
[1.466s] creating /uolstore/home/users/el22mg/ros2_ws/src/build/lab3/build
[1.467s] creating /uolstore/home/users/el22mg/ros2_ws/src/build/lab3/build/lib
[1.468s] creating /uolstore/home/users/el22mg/ros2_ws/src/build/lab3/build/lib/lab3
[1.470s] copying lab3/__init__.py -> /uolstore/home/users/el22mg/ros2_ws/src/build/lab3/build/lib/lab3
[1.475s] copying lab3/firstwalk.py -> /uolstore/home/users/el22mg/ros2_ws/src/build/lab3/build/lib/lab3
[1.481s] running install
[1.481s] running install_lib
[1.485s] creating /uolstore/home/users/el22mg/ros2_ws/src/install/lab3/lib/python3.10/site-packages/lab3
[1.487s] copying /uolstore/home/users/el22mg/ros2_ws/src/build/lab3/build/lib/lab3/__init__.py -> /uolstore/home/users/el22mg/ros2_ws/src/install/lab3/lib/python3.10/site-packages/lab3
[1.492s] copying /uolstore/home/users/el22mg/ros2_ws/src/build/lab3/build/lib/lab3/firstwalk.py -> /uolstore/home/users/el22mg/ros2_ws/src/install/lab3/lib/python3.10/site-packages/lab3
[1.501s] byte-compiling /uolstore/home/users/el22mg/ros2_ws/src/install/lab3/lib/python3.10/site-packages/lab3/__init__.py to __init__.cpython-310.pyc
[1.509s] byte-compiling /uolstore/home/users/el22mg/ros2_ws/src/install/lab3/lib/python3.10/site-packages/lab3/firstwalk.py to firstwalk.cpython-310.pyc
[1.518s] running install_data
[1.521s] creating /uolstore/home/users/el22mg/ros2_ws/src/install/lab3/share/ament_index
[1.522s] creating /uolstore/home/users/el22mg/ros2_ws/src/install/lab3/share/ament_index/resource_index
[1.523s] creating /uolstore/home/users/el22mg/ros2_ws/src/install/lab3/share/ament_index/resource_index/packages
[1.526s] copying resource/lab3 -> /uolstore/home/users/el22mg/ros2_ws/src/install/lab3/share/ament_index/resource_index/packages
[1.531s] copying package.xml -> /uolstore/home/users/el22mg/ros2_ws/src/install/lab3/share/lab3
[1.536s] running install_egg_info
[1.544s] Copying ../build/lab3/lab3.egg-info to /uolstore/home/users/el22mg/ros2_ws/src/install/lab3/lib/python3.10/site-packages/lab3-0.0.0-py3.10.egg-info
[1.612s] running install_scripts
[1.642s] Installing firstwalk script to /uolstore/home/users/el22mg/ros2_ws/src/install/lab3/lib/lab3
[1.646s] writing list of installed files to '/uolstore/home/users/el22mg/ros2_ws/src/build/lab3/install.log'
[1.662s] Invoked command in '/uolstore/home/users/el22mg/ros2_ws/src/lab3' returned '0': PS1=[COMP3631] Singularity> \w $ PYTHONPATH=/uolstore/home/users/el22mg/ros2_ws/src/build/lab3/prefix_override:/uolstore/home/users/el22mg/ros2_ws/src/install/lab3/lib/python3.10/site-packages: /usr/bin/python3 setup.py egg_info --egg-base ../build/lab3 build --build-base /uolstore/home/users/el22mg/ros2_ws/src/build/lab3/build install --record /uolstore/home/users/el22mg/ros2_ws/src/build/lab3/install.log --single-version-externally-managed
