[1.343s] Invoking command in '/uolstore/home/users/el22mg/ros2_ws/src/lab2': PS1=[COMP3631] Singularity> \w $ PYTHONPATH=/uolstore/home/users/el22mg/ros2_ws/src/build/lab2/prefix_override:/uolstore/home/users/el22mg/ros2_ws/src/install/lab2/lib/python3.10/site-packages: /usr/bin/python3 setup.py egg_info --egg-base ../build/lab2 build --build-base /uolstore/home/users/el22mg/ros2_ws/src/build/lab2/build install --record /uolstore/home/users/el22mg/ros2_ws/src/build/lab2/install.log --single-version-externally-managed
[1.474s] running egg_info
[1.475s] creating ../build/lab2/lab2.egg-info
[1.476s] writing ../build/lab2/lab2.egg-info/PKG-INFO
[1.483s] writing dependency_links to ../build/lab2/lab2.egg-info/dependency_links.txt
[1.486s] writing entry points to ../build/lab2/lab2.egg-info/entry_points.txt
[1.490s] writing requirements to ../build/lab2/lab2.egg-info/requires.txt
[1.492s] writing top-level names to ../build/lab2/lab2.egg-info/top_level.txt
[1.496s] writing manifest file '../build/lab2/lab2.egg-info/SOURCES.txt'
[1.506s] reading manifest file '../build/lab2/lab2.egg-info/SOURCES.txt'
[1.511s] writing manifest file '../build/lab2/lab2.egg-info/SOURCES.txt'
[1.513s] running build
[1.513s] running build_py
[1.515s] creating /uolstore/home/users/el22mg/ros2_ws/src/build/lab2/build
[1.516s] creating /uolstore/home/users/el22mg/ros2_ws/src/build/lab2/build/lib
[1.517s] creating /uolstore/home/users/el22mg/ros2_ws/src/build/lab2/build/lib/lab2
[1.520s] copying lab2/__init__.py -> /uolstore/home/users/el22mg/ros2_ws/src/build/lab2/build/lib/lab2
[1.525s] copying lab2/listener.py -> /uolstore/home/users/el22mg/ros2_ws/src/build/lab2/build/lib/lab2
[1.531s] copying lab2/talker.py -> /uolstore/home/users/el22mg/ros2_ws/src/build/lab2/build/lib/lab2
[1.537s] copying lab2/numeric_listener.py -> /uolstore/home/users/el22mg/ros2_ws/src/build/lab2/build/lib/lab2
[1.543s] copying lab2/numeric_talker.py -> /uolstore/home/users/el22mg/ros2_ws/src/build/lab2/build/lib/lab2
[1.550s] running install
[1.551s] running install_lib
[1.556s] creating /uolstore/home/users/el22mg/ros2_ws/src/install/lab2/lib/python3.10/site-packages/lab2
[1.558s] copying /uolstore/home/users/el22mg/ros2_ws/src/build/lab2/build/lib/lab2/__init__.py -> /uolstore/home/users/el22mg/ros2_ws/src/install/lab2/lib/python3.10/site-packages/lab2
[1.564s] copying /uolstore/home/users/el22mg/ros2_ws/src/build/lab2/build/lib/lab2/listener.py -> /uolstore/home/users/el22mg/ros2_ws/src/install/lab2/lib/python3.10/site-packages/lab2
[1.570s] copying /uolstore/home/users/el22mg/ros2_ws/src/build/lab2/build/lib/lab2/talker.py -> /uolstore/home/users/el22mg/ros2_ws/src/install/lab2/lib/python3.10/site-packages/lab2
[1.576s] copying /uolstore/home/users/el22mg/ros2_ws/src/build/lab2/build/lib/lab2/numeric_listener.py -> /uolstore/home/users/el22mg/ros2_ws/src/install/lab2/lib/python3.10/site-packages/lab2
[1.582s] copying /uolstore/home/users/el22mg/ros2_ws/src/build/lab2/build/lib/lab2/numeric_talker.py -> /uolstore/home/users/el22mg/ros2_ws/src/install/lab2/lib/python3.10/site-packages/lab2
[1.593s] byte-compiling /uolstore/home/users/el22mg/ros2_ws/src/install/lab2/lib/python3.10/site-packages/lab2/__init__.py to __init__.cpython-310.pyc
[1.600s] byte-compiling /uolstore/home/users/el22mg/ros2_ws/src/install/lab2/lib/python3.10/site-packages/lab2/listener.py to listener.cpython-310.pyc
[1.609s] byte-compiling /uolstore/home/users/el22mg/ros2_ws/src/install/lab2/lib/python3.10/site-packages/lab2/talker.py to talker.cpython-310.pyc
[1.618s] byte-compiling /uolstore/home/users/el22mg/ros2_ws/src/install/lab2/lib/python3.10/site-packages/lab2/numeric_listener.py to numeric_listener.cpython-310.pyc
[1.625s] byte-compiling /uolstore/home/users/el22mg/ros2_ws/src/install/lab2/lib/python3.10/site-packages/lab2/numeric_talker.py to numeric_talker.cpython-310.pyc
[1.633s] running install_data
[1.635s] creating /uolstore/home/users/el22mg/ros2_ws/src/install/lab2/share/ament_index
[1.636s] creating /uolstore/home/users/el22mg/ros2_ws/src/install/lab2/share/ament_index/resource_index
[1.637s] creating /uolstore/home/users/el22mg/ros2_ws/src/install/lab2/share/ament_index/resource_index/packages
[1.640s] copying resource/lab2 -> /uolstore/home/users/el22mg/ros2_ws/src/install/lab2/share/ament_index/resource_index/packages
[1.646s] copying package.xml -> /uolstore/home/users/el22mg/ros2_ws/src/install/lab2/share/lab2
[1.652s] creating /uolstore/home/users/el22mg/ros2_ws/src/install/lab2/share/lab2/launch
[1.655s] copying launch/chatter.py -> /uolstore/home/users/el22mg/ros2_ws/src/install/lab2/share/lab2/launch
[1.662s] copying launch/numeric_chatter.py -> /uolstore/home/users/el22mg/ros2_ws/src/install/lab2/share/lab2/launch
[1.668s] running install_egg_info
[1.673s] Copying ../build/lab2/lab2.egg-info to /uolstore/home/users/el22mg/ros2_ws/src/install/lab2/lib/python3.10/site-packages/lab2-0.0.0-py3.10.egg-info
[1.727s] running install_scripts
[1.747s] Installing listener script to /uolstore/home/users/el22mg/ros2_ws/src/install/lab2/lib/lab2
[1.751s] Installing numeric_listener script to /uolstore/home/users/el22mg/ros2_ws/src/install/lab2/lib/lab2
[1.755s] Installing numeric_talker script to /uolstore/home/users/el22mg/ros2_ws/src/install/lab2/lib/lab2
[1.759s] Installing talker script to /uolstore/home/users/el22mg/ros2_ws/src/install/lab2/lib/lab2
[1.762s] writing list of installed files to '/uolstore/home/users/el22mg/ros2_ws/src/build/lab2/install.log'
[1.803s] Invoked command in '/uolstore/home/users/el22mg/ros2_ws/src/lab2' returned '0': PS1=[COMP3631] Singularity> \w $ PYTHONPATH=/uolstore/home/users/el22mg/ros2_ws/src/build/lab2/prefix_override:/uolstore/home/users/el22mg/ros2_ws/src/install/lab2/lib/python3.10/site-packages: /usr/bin/python3 setup.py egg_info --egg-base ../build/lab2 build --build-base /uolstore/home/users/el22mg/ros2_ws/src/build/lab2/build install --record /uolstore/home/users/el22mg/ros2_ws/src/build/lab2/install.log --single-version-externally-managed
